3.224949,0.007434,0.007349,0.016097,0.016978,1.341365,1.345340
3.229948,0.007311,0.007271,0.015503,0.016507,1.368268,1.366863
3.234948,0.007184,0.007149,0.014812,0.015679,1.395334,1.399342
3.239948,0.007038,0.007052,0.014024,0.015050,1.422541,1.421108
3.244947,0.006840,0.006849,0.013144,0.013994,1.449868,1.453902
3.249947,0.006643,0.006712,0.012206,0.013244,1.477298,1.475846
3.254946,0.006470,0.006537,0.011229,0.012072,1.504812,1.508862
3.259946,0.006342,0.006454,0.010256,0.011288,1.532392,1.530927
3.264946,0.006298,0.006431,0.009370,0.010221,1.560021,1.564083
3.269945,0.006286,0.006444,0.008544,0.009557,1.587690,1.586218
3.274945,0.006281,0.006469,0.007756,0.008604,1.615385,1.619451
3.279945,0.006292,0.006498,0.006983,0.007983,1.643087,1.641613
3.284944,0.006378,0.006632,0.006236,0.007081,1.670787,1.674854
3.289944,0.006525,0.006772,0.005594,0.006563,1.698479,1.697007
3.294944,0.006699,0.007012,0.005047,0.005897,1.726150,1.730212
3.299943,0.006928,0.007217,0.004593,0.005528,1.753788,1.752323
3.304943,0.007151,0.007516,0.004204,0.005053,1.781388,1.785443
3.309942,0.007342,0.007689,0.003869,0.004780,1.808942,1.807486
3.314942,0.007458,0.007858,0.003502,0.004329,1.836440,1.840484
3.319942,0.007508,0.007918,0.003156,0.004043,1.863878,1.862434
3.324941,0.007447,0.007874,0.002869,0.003684,1.891248,1.895279
3.329941,0.007242,0.007728,0.002628,0.003480,1.918545,1.917117
3.334941,0.006933,0.007386,0.002432,0.003228,1.945760,1.949774
3.339940,0.006570,0.007111,0.002211,0.003039,1.972889,1.971478
3.344940,0.006194,0.006689,0.001965,0.002730,1.999930,2.003927
3.349940,0.005869,0.006445,0.001775,0.002565,2.026882,2.025488
3.354939,0.005584,0.006130,0.001666,0.002415,2.053741,2.057719
3.359939,0.005369,0.005973,0.001559,0.002318,2.080503,2.079129
3.364938,0.005232,0.005833,0.001392,0.002097,2.107166,2.111123
3.369938,0.005127,0.005764,0.001154,0.001893,2.133731,2.132375
3.374938,0.005011,0.005648,0.000858,0.001519,2.160195,2.164133
3.379937,0.004901,0.005576,0.000546,0.001256,2.186558,2.185223
3.384937,0.004788,0.005464,0.000262,0.000895,2.212815,2.216731
3.389937,0.004682,0.005392,0.000069,0.000727,2.238964,2.237650
3.394936,0.004589,0.005298,-0.000052,0.000560,2.265002,2.268895
3.399936,0.004489,0.005230,-0.000125,0.000486,2.290931,2.289638
3.404936,0.004375,0.005110,-0.000131,0.000456,2.316757,2.320630
3.409935,0.004166,0.004955,-0.000061,0.000497,2.342483,2.341211
3.414935,0.003840,0.004580,0.000012,0.000560,2.368109,2.371962
3.419935,0.003400,0.004238,-0.000016,0.000521,2.393631,2.392380
3.424934,0.002891,0.003643,-0.000129,0.000362,2.419051,2.422883
3.429934,0.002316,0.003193,-0.000253,0.000246,2.444373,2.443140
3.434933,0.001722,0.002494,-0.000373,0.000077,2.469595,2.473407
3.439933,0.001166,0.002058,-0.000474,-0.000020,2.494720,2.493507
3.444933,0.000712,0.001525,-0.000511,-0.000093,2.519753,2.523546
3.449932,0.000325,0.001224,-0.000483,-0.000086,2.544693,2.543498
3.454932,-0.000020,0.000825,-0.000395,-0.000006,2.569544,2.573319
3.459932,-0.000257,0.000644,-0.000245,0.000098,2.594306,2.593130
3.464931,-0.000414,0.000466,-0.000094,0.000252,2.618980,2.622738
3.469931,-0.000427,0.000465,0.000014,0.000323,2.643564,2.642406
3.474931,-0.000297,0.000627,0.000075,0.000369,2.668062,2.671803
3.479930,-0.000086,0.000802,0.000127,0.000393,2.692472,2.691331
3.484930,0.000147,0.001088,0.000132,0.000374,2.716798,2.720522
3.489929,0.000336,0.001243,0.000092,0.000324,2.741041,2.739917
3.494929,0.000474,0.001415,-0.000043,0.000137,2.765201,2.768909
3.499929,0.000548,0.001475,-0.000219,-0.000022,2.789278,2.788170
3.504928,0.000602,0.001546,-0.000416,-0.000285,2.813275,2.816967
3.509928,0.000751,0.001667,-0.000655,-0.000494,2.837195,2.836102
3.514928,0.001049,0.002029,-0.000962,-0.000890,2.861041,2.864717
3.519927,0.001485,0.002382,-0.001333,-0.001205,2.884814,2.883735
3.524927,0.001971,0.002967,-0.001745,-0.001726,2.908512,2.912173
3.529927,0.002445,0.003346,-0.002143,-0.002062,2.932137,2.931072
3.534926,0.002905,0.003897,-0.002446,-0.002454,2.955687,2.959332
3.539926,0.003300,0.004215,-0.002643,-0.002629,2.979160,2.978110
3.544925,0.003576,0.004544,-0.002755,-0.002788,3.002558,3.006188
3.549925,0.003705,0.004647,-0.002716,-0.002772,3.025885,3.024849
3.554925,0.003700,0.004642,-0.002562,-0.002616,3.049145,3.052762
3.559924,0.003636,0.004589,-0.002367,-0.002476,3.072341,3.071319
3.564924,0.003500,0.004423,-0.002169,-0.002264,3.095471,3.099075
3.569924,0.003270,0.004238,-0.001929,-0.002087,3.118533,3.117525
3.574923,0.002982,0.003889,-0.001687,-0.001823,3.141531,-3.138063
3.579923,0.002676,0.003641,-0.001487,-0.001680,-3.118723,-3.119718
3.584923,0.002370,0.003269,-0.001306,-0.001489,-3.095859,-3.092281
3.589922,0.002104,0.003053,-0.001152,-0.001384,-3.073059,-3.074041
3.594922,0.001895,0.002796,-0.001035,-0.001268,-3.050320,-3.046753
3.599921,0.001746,0.002673,-0.000949,-0.001217,-3.027638,-3.028608
3.604921,0.001623,0.002520,-0.000914,-0.001199,-3.005012,-3.001456
3.609921,0.001542,0.002451,-0.000953,-0.001245,-2.982440,-2.983399
3.614920,0.001489,0.002376,-0.001069,-0.001408,-2.959923,-2.956378
3.619920,0.001411,0.002305,-0.001263,-0.001580,-2.937457,-2.938405
3.624920,0.001382,0.002262,-0.001539,-0.001935,-2.915037,-2.911502
3.629919,0.001419,0.002283,-0.001880,-0.002222,-2.892657,-2.893598
3.634919,0.001505,0.002375,-0.002254,-0.002695,-2.870306,-2.866777
3.639919,0.001563,0.002411,-0.002618,-0.003001,-2.847976,-2.848914
3.644918,0.001626,0.002477,-0.002933,-0.003401,-2.825661,-2.822136
3.649918,0.001720,0.002544,-0.003154,-0.003592,-2.803358,-2.804294
3.654917,0.001848,0.002682,-0.003337,-0.003834,-2.781060,-2.777537
3.659917,0.001971,0.002771,-0.003547,-0.004017,-2.758766,-2.759702
3.664917,0.002099,0.002910,-0.003771,-0.004307,-2.736470,-2.732947
3.669916,0.002226,0.003001,-0.003954,-0.004466,-2.714171,-2.715108
3.674916,0.002394,0.003185,-0.004156,-0.004729,-2.691864,-2.688340
3.679916,0.002514,0.003273,-0.004354,-0.004902,-2.669549,-2.670488
3.684915,0.002558,0.003311,-0.004492,-0.005089,-2.647218,-2.643692
3.689915,0.002571,0.003313,-0.004583,-0.005176,-2.624868,-2.625811
3.694915,0.002520,0.003236,-0.004636,-0.005260,-2.602489,-2.598957
3.699914,0.002409,0.003136,-0.004629,-0.005267,-2.580077,-2.581027
3.704914,0.002255,0.002933,-0.004524,-0.005159,-2.557631,-2.554091
3.709913,0.002050,0.002755,-0.004304,-0.004994,-2.535149,-2.536106
3.714913,0.001812,0.002450,-0.004053,-0.004711,-2.512630,-2.509082
3.719913,0.001533,0.002214,-0.003799,-0.004520,-2.490071,-2.491035
3.724912,0.001252,0.001857,-0.003511,-0.004193,-2.467474,-2.463918
3.729912,0.000946,0.001601,-0.003198,-0.003954,-2.444840,-2.445810
3.734912,0.000536,0.001091,-0.002865,-0.003572,-2.422168,-2.418603
time, Quad.Roll, Quad.Est.Roll, Quad.Pitch, Quad.Est.Pitch, Quad.Yaw, Quad.Est.Yaw
0.005000,0.000015,0.000018,-0.000028,-0.000037,0.000000,0.000000
0.010000,0.000052,0.000047,-0.000397,-0.000318,0.000002,0.000002
0.015000,0.000095,0.000097,-0.001892,-0.002133,0.000003,0.000003
0.020000,0.000102,0.000105,-0.005626,-0.005103,-0.000001,-0.000000
0.025000,0.000004,-0.000012,-0.012701,-0.013613,-0.000012,-0.000013
0.030000,-0.000186,-0.000165,-0.024250,-0.022839,-0.000024,-0.000023
0.035000,-0.000472,-0.000508,-0.041147,-0.043124,-0.000033,-0.000034
0.040000,-0.000833,-0.000799,-0.063815,-0.061260,-0.000034,-0.000034
0.045000,-0.001198,-0.001237,-0.092226,-0.095348,-0.000019,-0.000016
0.050000,-0.001574,-0.001537,-0.125811,-0.122237,0.000017,0.000013
0.055000,-0.001961,-0.002000,-0.163536,-0.167493,0.000078,0.000086
0.060000,-0.002340,-0.002305,-0.204027,-0.199916,0.000163,0.000154
0.065000,-0.002634,-0.002657,-0.245787,-0.250016,0.000269,0.000281
0.070000,-0.002792,-0.002782,-0.287347,-0.283291,0.000392,0.000379
0.075000,-0.002870,-0.002877,-0.327421,-0.331375,0.000528,0.000543
0.080000,-0.002942,-0.002932,-0.364951,-0.361421,0.000671,0.000657
0.085000,-0.003058,-0.003072,-0.399225,-0.402559,0.000815,0.000829
0.090000,-0.003201,-0.003187,-0.429886,-0.427096,0.000956,0.000943
0.095000,-0.003342,-0.003356,-0.456936,-0.459573,0.001095,0.001109
0.100000,-0.003468,-0.003457,-0.480510,-0.478437,0.001231,0.001218
0.105000,-0.003555,-0.003562,-0.500924,-0.502959,0.001362,0.001375
0.110000,-0.003606,-0.003604,-0.518636,-0.517131,0.001488,0.001476
0.115000,-0.003637,-0.003642,-0.534101,-0.535711,0.001607,0.001619
0.120000,-0.003683,-0.003678,-0.547734,-0.546621,0.001714,0.001704
0.125000,-0.003780,-0.003792,-0.559994,-0.561356,0.001808,0.001818
0.130000,-0.003881,-0.003874,-0.571304,-0.570408,0.001895,0.001887
0.135000,-0.003950,-0.003955,-0.582015,-0.583278,0.001977,0.001986
0.140000,-0.003940,-0.003946,-0.592365,-0.591566,0.002052,0.002046
0.145000,-0.003868,-0.003860,-0.602492,-0.603735,0.002121,0.002128
0.150000,-0.003701,-0.003726,-0.612475,-0.611732,0.002182,0.002177
0.155000,-0.003472,-0.003449,-0.622137,-0.623325,0.002237,0.002242
0.160000,-0.003179,-0.003215,-0.630491,-0.630045,0.002278,0.002276
0.165000,-0.002838,-0.002805,-0.635931,-0.636564,0.002305,0.002307
0.170000,-0.002470,-0.002510,-0.636820,-0.637308,0.002318,0.002318
0.175000,-0.002114,-0.002085,-0.631595,-0.631032,0.002317,0.002316
0.180000,-0.001816,-0.001912,-0.618891,-0.620896,0.002301,0.002303
0.185000,-0.001566,-0.001794,-0.597579,-0.595322,0.002274,0.002267
0.190000,-0.001274,-0.001680,-0.566833,-0.570742,0.002239,0.002230
0.195000,-0.000901,-0.001407,-0.526193,-0.521987,0.002203,0.002163
0.200000,-0.000472,-0.001112,-0.475488,-0.481424,0.002177,0.002115
0.205000,-0.000032,-0.000564,-0.415171,-0.409075,0.002175,0.002066
0.210000,0.000395,-0.000210,-0.346301,-0.353956,0.002204,0.002055
0.215000,0.000789,0.000277,-0.270854,-0.263478,0.002265,0.002076
0.220000,0.001080,0.000517,-0.191548,-0.199998,0.002348,0.002107
0.225000,0.001287,0.000771,-0.111088,-0.103491,0.002443,0.002168
0.230000,0.001405,0.000867,-0.031784,-0.040021,0.002543,0.002215
0.235000,0.001501,0.000982,0.044526,0.051524,0.002646,0.002289
0.240000,0.001587,0.001048,0.116403,0.109041,0.002749,0.002341
0.245000,0.001663,0.001134,0.182969,0.188919,0.002853,0.002422
0.250000,0.001761,0.001206,0.243739,0.237544,0.002953,0.002476
0.255000,0.001940,0.001410,0.298475,0.303240,0.003052,0.002558
0.260000,0.002191,0.001604,0.347121,0.342165,0.003154,0.002616
0.265000,0.002507,0.001972,0.389740,0.393325,0.003258,0.002710
0.270000,0.002843,0.002235,0.426525,0.422758,0.003361,0.002774
0.275000,0.003162,0.002609,0.457776,0.460281,0.003458,0.002867
0.280000,0.003486,0.002863,0.483898,0.481181,0.003550,0.002926
0.285000,0.003762,0.003186,0.505366,0.506968,0.003633,0.003009
0.290000,0.003950,0.003333,0.522793,0.520908,0.003704,0.003056
0.295000,0.004024,0.003417,0.536945,0.537916,0.003764,0.003115
0.300000,0.004017,0.003406,0.548567,0.547212,0.003811,0.003146
0.305000,0.004056,0.003449,0.558419,0.559060,0.003843,0.003177
0.310000,0.004182,0.003547,0.567143,0.566041,0.003864,0.003188
0.314999,0.004373,0.003771,0.575234,0.575771,0.003876,0.003196
0.319999,0.004608,0.003958,0.583104,0.582073,0.003886,0.003199
0.324999,0.004869,0.004266,0.591106,0.591694,0.003897,0.003206
0.329999,0.005146,0.004485,0.599480,0.598400,0.003915,0.003214
0.334999,0.005416,0.004803,0.608400,0.609118,0.003940,0.003236
0.339999,0.005637,0.004977,0.617881,0.616715,0.003973,0.003257
0.344999,0.005762,0.005123,0.627804,0.628633,0.004014,0.003296
0.349999,0.005781,0.005133,0.637970,0.636779,0.004059,0.003326
0.354999,0.005756,0.005098,0.648103,0.648949,0.004102,0.003367
0.359999,0.005708,0.005057,0.657958,0.656844,0.004137,0.003389
0.364999,0.005591,0.004910,0.667376,0.668158,0.004166,0.003415
0.369999,0.005406,0.004756,0.676172,0.675207,0.004186,0.003424
0.374999,0.005281,0.004602,0.684146,0.684789,0.004197,0.003430
0.379999,0.005294,0.004609,0.691282,0.690508,0.004201,0.003427
0.384999,0.005450,0.004791,0.697562,0.698058,0.004199,0.003419
0.389999,0.005669,0.004964,0.703035,0.702442,0.004197,0.003413
0.394998,0.005866,0.005195,0.707856,0.708241,0.004195,0.003406
0.399998,0.005994,0.005296,0.712145,0.711677,0.004194,0.003402
0.404998,0.006094,0.005412,0.716010,0.716328,0.004195,0.003398
0.409998,0.006115,0.005426,0.719507,0.719130,0.004190,0.003392
0.414998,0.006072,0.005371,0.722769,0.723056,0.004179,0.003374
0.419998,0.005960,0.005283,0.725865,0.725540,0.004157,0.003355
0.424998,0.005733,0.005011,0.728814,0.729086,0.004129,0.003318
0.429998,0.005459,0.004790,0.731340,0.731123,0.004097,0.003290
0.434998,0.005203,0.004484,0.732928,0.733028,0.004062,0.003246
0.439998,0.004951,0.004286,0.732895,0.733020,0.004020,0.003213
0.444998,0.004630,0.003902,0.730637,0.730313,0.003968,0.003152
0.449998,0.004245,0.003596,0.725632,0.726323,0.003904,0.003105
0.454998,0.003865,0.003148,0.717541,0.716623,0.003830,0.003025
0.459998,0.003508,0.002867,0.706214,0.707569,0.003746,0.002966
0.464998,0.003207,0.002515,0.691705,0.690175,0.003655,0.002872
0.469997,0.002982,0.002344,0.674239,0.676205,0.003556,0.002805
0.474997,0.002799,0.002139,0.654161,0.652133,0.003454,0.002702
0.479997,0.002638,0.002020,0.631881,0.634310,0.003351,0.002633
0.484997,0.002442,0.001797,0.607839,0.605482,0.003247,0.002532
0.489997,0.002178,0.001593,0.582458,0.585182,0.003149,0.002468
0.494997,0.001865,0.001231,0.556088,0.553561,0.003058,0.002382
0.499997,0.001525,0.000965,0.529124,0.531992,0.002978,0.002333
0.504997,0.001227,0.000620,0.502014,0.499484,0.002909,0.002272
0.509997,0.001026,0.000464,0.475123,0.477978,0.002849,0.002238
0.514997,0.000921,0.000347,0.448717,0.446311,0.002794,0.002193
0.519997,0.000884,0.000323,0.422990,0.425739,0.002746,0.002167
0.524997,0.000933,0.000389,0.397995,0.395761,0.002702,0.002133
0.529997,0.001045,0.000486,0.373688,0.376328,0.002660,0.002111
0.534997,0.001195,0.000673,0.349998,0.347916,0.002615,0.002073
0.539997,0.001427,0.000864,0.326890,0.329443,0.002564,0.002043
0.544997,0.001673,0.001166,0.304221,0.302254,0.002505,0.001988
0.549996,0.001949,0.001390,0.281852,0.284368,0.002438,0.001944
0.554996,0.002233,0.001734,0.259724,0.257826,0.002365,0.001871
0.559996,0.002471,0.001926,0.237718,0.240231,0.002293,0.001823
0.564996,0.002631,0.002122,0.215793,0.213933,0.002222,0.001752
0.569996,0.002702,0.002180,0.193958,0.196471,0.002156,0.001709
0.574996,0.002652,0.002120,0.172262,0.170447,0.002099,0.001654
0.579996,0.002414,0.001931,0.150771,0.153260,0.002048,0.001622
0.584996,0.002019,0.001459,0.129553,0.127809,0.002008,0.001588
0.589996,0.001520,0.001060,0.108705,0.111135,0.001984,0.001577
0.594996,0.000934,0.000357,0.088280,0.086634,0.001975,0.001578
0.599996,0.000270,-0.000175,0.068369,0.070709,0.001982,0.001593
0.604996,-0.000389,-0.000965,0.049011,0.047483,0.002004,0.001631
0.609996,-0.001045,-0.001491,0.030255,0.032481,0.002038,0.001665
0.614996,-0.001685,-0.002256,0.012087,0.010681,0.002079,0.001726
0.619996,-0.002272,-0.002728,-0.005522,-0.003404,0.002126,0.001771
0.624996,-0.002766,-0.003322,-0.022577,-0.023870,0.002180,0.001845
0.629995,-0.003146,-0.003626,-0.039036,-0.037038,0.002233,0.001894
0.634995,-0.003423,-0.003958,-0.054889,-0.056062,0.002288,0.001970
0.639995,-0.003588,-0.004090,-0.070108,-0.068242,0.002346,0.002023
0.644995,-0.003665,-0.004183,-0.084619,-0.085658,0.002407,0.002105
0.649995,-0.003650,-0.004170,-0.098400,-0.096687,0.002469,0.002160
0.654995,-0.003534,-0.004032,-0.111436,-0.112337,0.002525,0.002236
0.659995,-0.003299,-0.003842,-0.123740,-0.122185,0.002570,0.002277
0.664995,-0.003022,-0.003510,-0.135309,-0.136074,0.002600,0.002320
0.669995,-0.002763,-0.003304,-0.146143,-0.144746,0.002615,0.002336
0.674995,-0.002548,-0.003048,-0.156223,-0.156848,0.002621,0.002350
0.679995,-0.002399,-0.002930,-0.165487,-0.164265,0.002624,0.002356
0.684995,-0.002314,-0.002829,-0.173941,-0.174418,0.002623,0.002362
0.689995,-0.002281,-0.002803,-0.181540,-0.180502,0.002622,0.002364
0.694995,-0.002321,-0.002851,-0.188338,-0.188672,0.002618,0.002362
0.699995,-0.002463,-0.002967,-0.194457,-0.193573,0.002603,0.002353
0.704994,-0.002661,-0.003205,-0.199960,-0.200187,0.002576,0.002325
0.709994,-0.002822,-0.003334,-0.204838,-0.204096,0.002541,0.002299
0.714994,-0.002911,-0.003442,-0.209131,-0.209260,0.002498,0.002250
0.719994,-0.002974,-0.003494,-0.212896,-0.212277,0.002446,0.002210
0.724994,-0.002988,-0.003510,-0.216209,-0.216262,0.002388,0.002142
0.729994,-0.002866,-0.003413,-0.219073,-0.218560,0.002327,0.002094
0.734994,-0.002606,-0.003102,-0.221530,-0.221519,0.002265,0.002022
0.739994,-0.002306,-0.002860,-0.223534,-0.223129,0.002207,0.001977
0.744994,-0.002065,-0.002570,-0.225045,-0.224953,0.002151,0.001911
0.749994,-0.001904,-0.002442,-0.226040,-0.225757,0.002098,0.001869
0.754994,-0.001818,-0.002339,-0.226512,-0.226336,0.002048,0.001809
0.759994,-0.001781,-0.002307,-0.226428,-0.226273,0.001999,0.001769
0.764994,-0.001822,-0.002357,-0.225829,-0.225565,0.001951,0.001711
0.769994,-0.001907,-0.002424,-0.224734,-0.224695,0.001904,0.001674
0.774994,-0.002003,-0.002537,-0.223215,-0.222883,0.001855,0.001614
0.779994,-0.002047,-0.002572,-0.221296,-0.221356,0.001805,0.001573
0.784993,-0.002041,-0.002563,-0.219037,-0.218655,0.001751,0.001507
0.789993,-0.001961,-0.002497,-0.216431,-0.216576,0.001695,0.001461
0.794993,-0.001827,-0.002335,-0.213513,-0.213086,0.001640,0.001393
0.799993,-0.001603,-0.002155,-0.210291,-0.210514,0.001585,0.001348
0.804993,-0.001307,-0.001800,-0.206813,-0.206352,0.001531,0.001281
0.809993,-0.000973,-0.001530,-0.203139,-0.203420,0.001479,0.001238
0.814993,-0.000685,-0.001182,-0.199305,-0.198832,0.001429,0.001175
0.819993,-0.000430,-0.000978,-0.195378,-0.195700,0.001383,0.001136
0.824993,-0.000177,-0.000674,-0.191337,-0.190861,0.001344,0.001087
0.829993,0.000074,-0.000471,-0.187225,-0.187579,0.001306,0.001055
0.834993,0.000282,-0.000222,-0.183077,-0.182612,0.001264,0.001002
0.839993,0.000453,-0.000086,-0.178890,-0.179270,0.001221,0.000966
0.844993,0.000647,0.000148,-0.174616,-0.174151,0.001176,0.000910
0.849993,0.000847,0.000309,-0.170208,-0.170632,0.001131,0.000871
0.854993,0.001001,0.000492,-0.165629,-0.165148,0.001085,0.000814
0.859993,0.001054,0.000533,-0.160935,-0.161398,0.001039,0.000775
0.864992,0.001028,0.000503,-0.156194,-0.155718,0.000991,0.000715
0.869992,0.000947,0.000437,-0.151411,-0.151898,0.000944,0.000675
0.874992,0.000835,0.000304,-0.146591,-0.146122,0.000897,0.000616
0.879992,0.000692,0.000188,-0.141738,-0.142246,0.000848,0.000574
0.884992,0.000533,-0.000002,-0.136803,-0.136333,0.000795,0.000507
0.889992,0.000358,-0.000142,-0.131803,-0.132336,0.000740,0.000461
0.894992,0.000163,-0.000375,-0.126777,-0.126313,0.000680,0.000387
0.899992,-0.000051,-0.000547,-0.121733,-0.122282,0.000615,0.000333
0.904992,-0.000284,-0.000830,-0.116705,-0.116256,0.000547,0.000247
0.909992,-0.000813,-0.001239,-0.111698,-0.112253,0.000479,0.000191
0.914992,-0.002418,-0.003178,-0.106733,-0.106299,0.000407,0.000101
0.919992,-0.006065,-0.006075,-0.101797,-0.102351,0.000323,0.000032
0.924992,-0.012951,-0.014355,-0.097003,-0.096603,0.000209,-0.000107
0.929992,-0.024184,-0.023329,-0.092321,-0.092863,0.000050,-0.000237
0.934992,-0.040608,-0.043051,-0.087684,-0.087306,-0.000175,-0.000511
0.939991,-0.062797,-0.060803,-0.083154,-0.083686,-0.000493,-0.000766
0.944991,-0.090808,-0.094414,-0.078777,-0.078441,-0.000920,-0.001282
0.949991,-0.124084,-0.121058,-0.074609,-0.075108,-0.001462,-0.001718
0.954991,-0.161606,-0.166072,-0.070659,-0.070372,-0.002122,-0.002513
0.959991,-0.201985,-0.198410,-0.066922,-0.067387,-0.002896,-0.003133
0.964991,-0.243644,-0.248396,-0.063440,-0.063213,-0.003758,-0.004169
0.969991,-0.285145,-0.281630,-0.060228,-0.060645,-0.004683,-0.004912
0.974991,-0.325202,-0.329706,-0.057275,-0.057105,-0.005651,-0.006076
0.979991,-0.362857,-0.359856,-0.054521,-0.054905,-0.006663,-0.006887
0.984991,-0.397452,-0.401389,-0.051933,-0.051802,-0.007711,-0.008146
0.989991,-0.428646,-0.426363,-0.049470,-0.049836,-0.008788,-0.009008
0.994991,-0.456294,-0.459567,-0.047085,-0.046978,-0.009903,-0.010348
0.999991,-0.480475,-0.478925,-0.044735,-0.045101,-0.011066,-0.011279
1.004991,-0.501426,-0.504097,-0.042381,-0.042280,-0.012284,-0.012743
1.009991,-0.519496,-0.518562,-0.040033,-0.040404,-0.013547,-0.013755
1.014991,-0.535186,-0.537425,-0.037736,-0.037651,-0.014827,-0.015293
1.019992,-0.548986,-0.548478,-0.035517,-0.035878,-0.016098,-0.016312
1.024992,-0.561351,-0.563353,-0.033371,-0.033305,-0.017351,-0.017817
1.029992,-0.572702,-0.572448,-0.031313,-0.031660,-0.018569,-0.018793
1.034992,-0.583377,-0.585294,-0.029381,-0.029345,-0.019729,-0.020187
1.039993,-0.593639,-0.593524,-0.027546,-0.027877,-0.020842,-0.021080
1.044993,-0.603639,-0.605556,-0.025820,-0.025809,-0.021892,-0.022342
1.049993,-0.613447,-0.613427,-0.024221,-0.024531,-0.022865,-0.023121
1.054993,-0.622855,-0.624735,-0.022774,-0.022797,-0.023742,-0.024176
1.059994,-0.630868,-0.631197,-0.021458,-0.021746,-0.024533,-0.024810
1.064994,-0.635866,-0.637210,-0.020252,-0.020300,-0.025240,-0.025661
1.069994,-0.636181,-0.637514,-0.019122,-0.019398,-0.025890,-0.026181
1.074994,-0.630315,-0.630506,-0.018027,-0.018085,-0.026505,-0.026921
1.079994,-0.616971,-0.619882,-0.016948,-0.017225,-0.027090,-0.027388
1.084995,-0.595109,-0.593697,-0.015828,-0.015882,-0.027679,-0.028098
1.089995,-0.563948,-0.568816,-0.014630,-0.014926,-0.028288,-0.028586
1.094995,-0.523010,-0.519751,-0.013330,-0.013369,-0.028917,-0.029340
1.099995,-0.472094,-0.479054,-0.011913,-0.012237,-0.029551,-0.029849
1.104996,-0.411581,-0.406511,-0.010346,-0.010357,-0.030175,-0.030600
1.109996,-0.342557,-0.351289,-0.008554,-0.008927,-0.030775,-0.031082
1.114996,-0.267038,-0.260744,-0.006409,-0.006353,-0.031332,-0.031754
1.119996,-0.187744,-0.197285,-0.003829,-0.004289,-0.031801,-0.032133
1.124997,-0.107305,-0.100812,-0.000827,-0.000690,-0.032105,-0.032503
1.129997,-0.027900,-0.037267,0.002549,0.002013,-0.032180,-0.032569
1.134997,0.048670,0.054593,0.006220,0.006416,-0.031982,-0.032337
1.139997,0.120989,0.112471,0.010086,0.009511,-0.031486,-0.031945
1.144997,0.188044,0.192947,0.014109,0.014339,-0.030685,-0.030992
1.149998,0.249283,0.241961,0.018217,0.017630,-0.029592,-0.030122
1.154998,0.304469,0.308213,0.022326,0.022563,-0.028241,-0.028509
1.159998,0.353534,0.347485,0.026352,0.025788,-0.026685,-0.027268
1.164998,0.396496,0.399071,0.030226,0.030441,-0.024981,-0.025231
1.169999,0.433563,0.428738,0.033878,0.033367,-0.023198,-0.023808
1.174999,0.465024,0.466522,0.037244,0.037411,-0.021408,-0.021667
1.179999,0.491284,0.487537,0.040303,0.039863,-0.019668,-0.020277
1.184999,0.512782,0.513365,0.042980,0.043079,-0.018057,-0.018350
1.190000,0.530111,0.527227,0.045200,0.044860,-0.016651,-0.017226
1.195000,0.544013,0.543939,0.046866,0.046860,-0.015535,-0.015892
1.200000,0.555322,0.552985,0.047846,0.047647,-0.014807,-0.015310
1.205000,0.564888,0.564492,0.048121,0.047982,-0.014500,-0.014941
1.210001,0.573443,0.571339,0.047766,0.047698,-0.014585,-0.015009
1.215001,0.581502,0.581031,0.046852,0.046604,-0.015033,-0.015545
1.220001,0.589410,0.587362,0.045421,0.045458,-0.015824,-0.016178
1.225001,0.597448,0.597028,0.043595,0.043272,-0.016883,-0.017444
1.230001,0.605815,0.603730,0.041521,0.041609,-0.018117,-0.018432
1.235002,0.614594,0.614280,0.039361,0.039019,-0.019428,-0.020000
1.240002,0.623755,0.621622,0.037235,0.037317,-0.020734,-0.021044
1.245002,0.633170,0.632933,0.035266,0.034955,-0.021944,-0.022493
1.250002,0.642671,0.640548,0.033530,0.033568,-0.022996,-0.023332
1.255003,0.652052,0.651820,0.032000,0.031731,-0.023907,-0.024423
1.260003,0.661135,0.659102,0.030630,0.030637,-0.024702,-0.025057
1.265003,0.669746,0.669453,0.029401,0.029162,-0.025390,-0.025881
1.270003,0.677828,0.675930,0.028328,0.028306,-0.025949,-0.026326
1.275004,0.685363,0.684991,0.027396,0.027190,-0.026384,-0.026848
1.280004,0.692378,0.690617,0.026569,0.026529,-0.026723,-0.027117
1.285004,0.698917,0.698481,0.025795,0.025601,-0.027009,-0.027460
1.290004,0.704854,0.703247,0.025013,0.024975,-0.027295,-0.027689
1.295004,0.710122,0.709591,0.024235,0.024043,-0.027565,-0.028011
1.300005,0.714769,0.713322,0.023512,0.023465,-0.027772,-0.028177
1.305005,0.718886,0.718289,0.022854,0.022678,-0.027912,-0.028343
1.310005,0.722495,0.721193,0.022250,0.022198,-0.028000,-0.028412
1.315005,0.725653,0.725012,0.021624,0.021446,-0.028105,-0.028538
1.320006,0.728478,0.727289,0.020911,0.020877,-0.028281,-0.028677
1.325006,0.731043,0.730395,0.020092,0.019897,-0.028547,-0.028994
1.330006,0.733141,0.732100,0.019212,0.019193,-0.028865,-0.029249
1.335006,0.734346,0.733570,0.018322,0.018124,-0.029188,-0.029637
1.340007,0.734137,0.733433,0.017409,0.017393,-0.029525,-0.029907
1.345007,0.732033,0.730935,0.016494,0.016297,-0.029853,-0.030298
1.350007,0.727559,0.727383,0.015617,0.015596,-0.030130,-0.030518
1.355007,0.720323,0.718731,0.014765,0.014573,-0.030374,-0.030812
1.360008,0.710071,0.710553,0.013870,0.013858,-0.030646,-0.031029
1.365008,0.696734,0.694586,0.012901,0.012697,-0.030962,-0.031406
1.370008,0.680478,0.681599,0.011877,0.011876,-0.031295,-0.031673
1.375008,0.661615,0.659004,0.010873,0.010672,-0.031587,-0.032023
1.380008,0.640515,0.642139,0.009902,0.009895,-0.031823,-0.032211
1.385009,0.617555,0.614628,0.008927,0.008725,-0.032025,-0.032453
1.390009,0.593148,0.595116,0.007917,0.007915,-0.032209,-0.032601
1.395009,0.567750,0.564676,0.006888,0.006679,-0.032367,-0.032791
1.400009,0.541776,0.543911,0.005792,0.005803,-0.032529,-0.032920
1.405010,0.515588,0.512519,0.004655,0.004439,-0.032674,-0.033094
1.410010,0.489436,0.491613,0.003503,0.003517,-0.032785,-0.033182
1.415010,0.463571,0.460606,0.002382,0.002171,-0.032830,-0.033237
1.420010,0.438157,0.440294,0.001258,0.001272,-0.032829,-0.033236
1.425011,0.413222,0.410399,0.000126,-0.000087,-0.032790,-0.033188
1.430011,0.388760,0.390846,-0.000986,-0.000976,-0.032704,-0.033119
1.435011,0.364758,0.362065,-0.002076,-0.002285,-0.032578,-0.032968
1.440011,0.341162,0.343205,-0.003178,-0.003164,-0.032432,-0.032850
1.445011,0.317902,0.315313,-0.004365,-0.004588,-0.032292,-0.032681
1.450012,0.294945,0.296960,-0.005640,-0.005609,-0.032157,-0.032573
1.455012,0.272240,0.269734,-0.006940,-0.007169,-0.032007,-0.032392
1.460012,0.249747,0.251750,-0.008212,-0.008188,-0.031824,-0.032246
1.465012,0.227462,0.225022,-0.009409,-0.009623,-0.031595,-0.031971
1.470013,0.205414,0.207393,-0.010489,-0.010488,-0.031311,-0.031743
1.475013,0.183612,0.181243,-0.011430,-0.011618,-0.030976,-0.031341
1.480013,0.162025,0.163980,-0.012249,-0.012273,-0.030603,-0.031042
1.485013,0.140685,0.138383,-0.012977,-0.013147,-0.030202,-0.030561
1.490014,0.119623,0.121535,-0.013618,-0.013662,-0.029778,-0.030222
1.495014,0.098981,0.096772,-0.014105,-0.014247,-0.029323,-0.029676
1.500014,0.078835,0.080659,-0.014415,-0.014496,-0.028843,-0.029292
1.505014,0.059242,0.057153,-0.014534,-0.014641,-0.028345,-0.028694
1.510015,0.040223,0.041939,-0.014493,-0.014608,-0.027832,-0.028284
1.515015,0.021810,0.019846,-0.014380,-0.014474,-0.027313,-0.027661
1.520015,0.003989,0.005590,-0.014252,-0.014370,-0.026792,-0.027244
1.525015,-0.013181,-0.015016,-0.014150,-0.014250,-0.026274,-0.026623
1.530015,-0.029739,-0.028262,-0.014133,-0.014239,-0.025758,-0.026210
1.535016,-0.045747,-0.047473,-0.014231,-0.014357,-0.025242,-0.025590
1.540016,-0.061210,-0.059847,-0.014391,-0.014487,-0.024728,-0.025179
1.545016,-0.076073,-0.077688,-0.014556,-0.014686,-0.024220,-0.024570
1.550016,-0.090286,-0.089061,-0.014734,-0.014830,-0.023717,-0.024167
1.555017,-0.103765,-0.105243,-0.014921,-0.015054,-0.023215,-0.023565
1.560017,-0.116480,-0.115419,-0.015088,-0.015187,-0.022718,-0.023167
1.565017,-0.128441,-0.129778,-0.015261,-0.015396,-0.022231,-0.022583
1.570017,-0.139589,-0.138702,-0.015448,-0.015546,-0.021758,-0.022204
1.575018,-0.149898,-0.151081,-0.015608,-0.015737,-0.021308,-0.021664
1.580018,-0.159385,-0.158677,-0.015728,-0.015832,-0.020882,-0.021324
1.585018,-0.168116,-0.169168,-0.015833,-0.015959,-0.020474,-0.020834
1.590018,-0.176199,-0.175641,-0.015924,-0.016033,-0.020081,-0.020520
1.595019,-0.183689,-0.184641,-0.016035,-0.016165,-0.019693,-0.020055
1.600019,-0.190602,-0.190181,-0.016113,-0.016226,-0.019318,-0.019755
1.605019,-0.196892,-0.197744,-0.016160,-0.016281,-0.018954,-0.019318
1.610019,-0.202582,-0.202307,-0.016104,-0.016236,-0.018613,-0.019045
1.615019,-0.207676,-0.208434,-0.015941,-0.016041,-0.018294,-0.018663
1.620020,-0.212223,-0.212082,-0.015691,-0.015841,-0.017994,-0.018423
1.625020,-0.216198,-0.216867,-0.015384,-0.015471,-0.017705,-0.018077
1.630020,-0.219571,-0.219574,-0.014961,-0.015135,-0.017442,-0.017867
1.635020,-0.222431,-0.223023,-0.014366,-0.014422,-0.017220,-0.017601
1.640021,-0.224844,-0.224965,-0.013584,-0.013795,-0.017045,-0.017461
1.645021,-0.226788,-0.227313,-0.012674,-0.012707,-0.016906,-0.017294
1.650021,-0.228262,-0.228500,-0.011753,-0.011972,-0.016778,-0.017192
1.655021,-0.229291,-0.229750,-0.010818,-0.010850,-0.016661,-0.017051
1.660022,-0.229810,-0.230177,-0.009872,-0.010092,-0.016548,-0.016962
1.665022,-0.229794,-0.230174,-0.008980,-0.009023,-0.016422,-0.016811
1.670022,-0.229229,-0.229734,-0.008155,-0.008362,-0.016278,-0.016696
1.675022,-0.228101,-0.228398,-0.007405,-0.007465,-0.016118,-0.016504
1.680022,-0.226465,-0.227097,-0.006781,-0.006965,-0.015929,-0.016353
1.685023,-0.224452,-0.224698,-0.006324,-0.006418,-0.015706,-0.016085
1.690023,-0.222131,-0.222853,-0.006084,-0.006227,-0.015440,-0.015872
1.695023,-0.219510,-0.219725,-0.006044,-0.006175,-0.015138,-0.015511
1.700023,-0.216611,-0.217415,-0.006109,-0.006227,-0.014818,-0.015255
1.705024,-0.213470,-0.213662,-0.006238,-0.006383,-0.014488,-0.014859
1.710024,-0.210112,-0.210987,-0.006370,-0.006490,-0.014164,-0.014599
1.715024,-0.206565,-0.206746,-0.006450,-0.006587,-0.013858,-0.014231
1.720024,-0.202861,-0.203791,-0.006510,-0.006636,-0.013561,-0.013994
1.725025,-0.199009,-0.199185,-0.006506,-0.006631,-0.013280,-0.013657
1.730025,-0.195040,-0.196020,-0.006375,-0.006528,-0.013026,-0.013453
1.735025,-0.190945,-0.191122,-0.006040,-0.006128,-0.012813,-0.013197
1.740025,-0.186733,-0.187765,-0.005514,-0.005706,-0.012640,-0.013060
1.745026,-0.182362,-0.182534,-0.004863,-0.004925,-0.012493,-0.012884
1.750026,-0.177832,-0.178920,-0.004105,-0.004316,-0.012368,-0.012785
1.755026,-0.173091,-0.173246,-0.003337,-0.003397,-0.012245,-0.012637
1.760026,-0.168171,-0.169317,-0.002664,-0.002860,-0.012104,-0.012524
1.765026,-0.163096,-0.163239,-0.002101,-0.002184,-0.011946,-0.012335
1.770027,-0.157905,-0.159094,-0.001675,-0.001846,-0.011774,-0.012197
1.775027,-0.152644,-0.152792,-0.001351,-0.001456,-0.011595,-0.011983
1.780027,-0.147360,-0.148574,-0.001080,-0.001242,-0.011411,-0.011836
1.785027,-0.142047,-0.142209,-0.000805,-0.000910,-0.011231,-0.011619
1.790028,-0.136719,-0.137952,-0.000509,-0.000672,-0.011054,-0.011478
1.795028,-0.131369,-0.131541,-0.000237,-0.000345,-0.010874,-0.011263
1.800028,-0.126024,-0.127271,0.000048,-0.000114,-0.010700,-0.011124
1.805028,-0.120757,-0.120959,0.000336,0.000230,-0.010532,-0.010922
1.810029,-0.115730,-0.116931,0.000737,0.000542,-0.010378,-0.010799
1.815029,-0.111543,-0.111926,0.001773,0.001799,-0.010291,-0.010696
1.820029,-0.108926,-0.109828,0.004271,0.003787,-0.010344,-0.010739
1.825029,-0.108550,-0.109396,0.008926,0.009382,-0.010590,-0.011040
1.830029,-0.111097,-0.111429,0.016357,0.015321,-0.011087,-0.011441
1.835030,-0.117191,-0.118757,0.027061,0.028174,-0.011915,-0.012447
1.840030,-0.127238,-0.126799,0.041489,0.039712,-0.013198,-0.013480
1.845030,-0.141618,-0.144073,0.059884,0.061790,-0.015097,-0.015780
1.850030,-0.160569,-0.159248,0.082396,0.079801,-0.017833,-0.017980
1.855031,-0.184028,-0.187418,0.108938,0.111646,-0.021672,-0.022619
1.860031,-0.211841,-0.209689,0.139183,0.135852,-0.026902,-0.026820
1.865031,-0.243599,-0.247810,0.172533,0.175857,-0.033777,-0.035107
1.870031,-0.278544,-0.275801,0.207976,0.204233,-0.042411,-0.042041
1.875032,-0.315682,-0.320381,0.244307,0.247812,-0.052752,-0.054488
1.880032,-0.353976,-0.351055,0.280414,0.276711,-0.064619,-0.064013
1.885032,-0.392566,-0.397389,0.315424,0.318711,-0.077745,-0.079799
1.890032,-0.430745,-0.427970,0.348635,0.345284,-0.091781,-0.091060
1.895033,-0.467882,-0.472569,0.379579,0.382410,-0.106353,-0.108579
1.900033,-0.503389,-0.501013,0.407948,0.405106,-0.121068,-0.120382
1.905033,-0.536802,-0.541151,0.433588,0.435872,-0.135551,-0.137790
1.910033,-0.567850,-0.566024,0.456503,0.454199,-0.149482,-0.148959
1.915033,-0.596500,-0.600459,0.476946,0.478736,-0.162713,-0.164866
1.920034,-0.622936,-0.621638,0.495284,0.493402,-0.175224,-0.174895
1.925034,-0.647401,-0.651056,0.511837,0.513268,-0.187024,-0.189081
1.930034,-0.669937,-0.669129,0.526835,0.525265,-0.198094,-0.197956
1.935034,-0.690186,-0.693469,0.540329,0.541453,-0.208274,-0.210186
1.940035,-0.707019,-0.707003,0.551926,0.550743,-0.216953,-0.217159
1.945035,-0.718931,-0.721344,0.561000,0.561631,-0.223217,-0.224681
1.950035,-0.724654,-0.725979,0.567079,0.566508,-0.226297,-0.227161
1.955035,-0.723458,-0.724608,0.569868,0.569865,-0.225705,-0.226452
1.960036,-0.714957,-0.717853,0.569064,0.569241,-0.221124,-0.222788
1.965036,-0.698995,-0.698759,0.564393,0.563659,-0.212465,-0.212387
1.970036,-0.675538,-0.680031,0.555546,0.556612,-0.199821,-0.202253
1.975036,-0.644792,-0.643196,0.542168,0.540595,-0.183477,-0.182615
1.980036,-0.607122,-0.613082,0.523809,0.525948,-0.163847,-0.166871
1.985037,-0.563056,-0.560251,0.500052,0.497491,-0.141561,-0.140080
1.990037,-0.513147,-0.520335,0.470483,0.473884,-0.117394,-0.120681
1.995037,-0.458055,-0.454260,0.434717,0.431028,-0.092233,-0.090413
2.000037,-0.398433,-0.406565,0.392428,0.397248,-0.067033,-0.070165
2.005037,-0.334931,-0.330387,0.343356,0.338432,-0.042773,-0.040948
2.010037,-0.268349,-0.277104,0.287626,0.293881,-0.020547,-0.023057
2.015036,-0.199660,-0.194682,0.225922,0.219913,-0.001465,-0.000023
2.020036,-0.129989,-0.138914,0.159533,0.166803,0.013529,0.012088
2.025036,-0.060421,-0.055431,0.090207,0.083672,0.023839,0.024620
2.030035,0.008171,-0.000541,0.019775,0.027311,0.029271,0.029073
2.035035,0.075248,0.079953,-0.050044,-0.056446,0.029958,0.030066
2.040035,0.140394,0.132081,-0.117816,-0.110691,0.026268,0.027210
2.045034,0.203282,0.207552,-0.182388,-0.188187,0.018727,0.018323
2.050034,0.263672,0.255872,-0.242938,-0.236658,0.007952,0.009790
2.055033,0.321395,0.325146,-0.298965,-0.303929,-0.005406,-0.006094
2.060033,0.376312,0.369085,-0.350265,-0.344999,-0.020718,-0.018268
2.065033,0.428267,0.431431,-0.396838,-0.400939,-0.037388,-0.038144
2.070032,0.477088,0.470490,-0.438804,-0.434542,-0.054851,-0.052049
2.075032,0.522630,0.525140,-0.476393,-0.479705,-0.072604,-0.073246
2.080032,0.564722,0.558817,-0.509925,-0.506558,-0.090218,-0.087283
2.085031,0.603280,0.605090,-0.539781,-0.542440,-0.107361,-0.107767
2.090031,0.638342,0.633142,-0.566313,-0.563692,-0.123749,-0.120832
2.095031,0.669967,0.671101,-0.589858,-0.591995,-0.139166,-0.139263
2.100030,0.698271,0.693748,-0.610750,-0.608730,-0.153469,-0.150667
2.105030,0.723392,0.723904,-0.629301,-0.631035,-0.166571,-0.166338
2.110029,0.745440,0.741546,-0.645774,-0.644232,-0.178418,-0.175784
2.115029,0.764674,0.764647,-0.660465,-0.661898,-0.189060,-0.188515
2.120029,0.781539,0.778139,-0.673692,-0.672495,-0.198642,-0.196152
2.125028,0.796530,0.796158,-0.685777,-0.687031,-0.207386,-0.206617
2.130028,0.810270,0.807153,-0.697053,-0.696065,-0.215585,-0.213151
2.135028,0.823332,0.822857,-0.707796,-0.708984,-0.223518,-0.222645
2.140027,0.836123,0.833100,-0.718220,-0.717337,-0.231432,-0.228954
2.145027,0.848872,0.848422,-0.728425,-0.729605,-0.239440,-0.238531
2.150027,0.861126,0.858271,-0.738228,-0.737473,-0.247217,-0.244753
2.155026,0.871498,0.870729,-0.747090,-0.748120,-0.253805,-0.252616
2.160026,0.878200,0.876152,-0.754375,-0.753971,-0.257959,-0.255951
2.165025,0.879498,0.877738,-0.759477,-0.760096,-0.258433,-0.256488
2.170025,0.873864,0.873290,-0.761816,-0.761978,-0.254111,-0.253037
2.175025,0.860283,0.857058,-0.760903,-0.760874,-0.244280,-0.241237
2.180024,0.838383,0.839585,-0.756361,-0.757241,-0.228786,-0.228844
2.185024,0.808379,0.803675,-0.747790,-0.746935,-0.207835,-0.203729
2.190024,0.771056,0.773854,-0.734866,-0.736583,-0.182093,-0.183131
2.195023,0.727651,0.721883,-0.717484,-0.715703,-0.152726,-0.147943
2.200023,0.679857,0.683675,-0.695778,-0.698315,-0.121179,-0.122704
2.205023,0.629688,0.623592,-0.670284,-0.667716,-0.089070,-0.084236
2.210022,0.579096,0.583149,-0.641833,-0.644927,-0.057853,-0.059271
2.215022,0.529604,0.523853,-0.611404,-0.608416,-0.028605,-0.024222
2.220021,0.482181,0.485957,-0.579902,-0.583197,-0.001929,-0.002902
2.225021,0.437378,0.432265,-0.548092,-0.545029,0.021936,0.025704
2.230021,0.395416,0.398737,-0.516505,-0.519754,0.043034,0.042559
2.235020,0.356298,0.351849,-0.485521,-0.482579,0.061538,0.064741
2.240020,0.319949,0.322799,-0.455373,-0.458463,0.077686,0.077638
2.245020,0.286309,0.282470,-0.426173,-0.423430,0.091740,0.094485
2.250019,0.255256,0.257653,-0.397931,-0.400841,0.103958,0.104242
2.255019,0.226648,0.223347,-0.370626,-0.368085,0.114570,0.116961
2.260019,0.200277,0.202267,-0.344138,-0.346902,0.123793,0.124325
2.265018,0.175928,0.173064,-0.318334,-0.315947,0.131803,0.133923
2.270018,0.153378,0.155039,-0.293100,-0.295770,0.138738,0.139458
2.275017,0.132419,0.129898,-0.268298,-0.266017,0.144715,0.146618
2.280017,0.112844,0.114250,-0.243801,-0.246426,0.149828,0.150697
2.285017,0.094408,0.092131,-0.219559,-0.217344,0.154142,0.155860
2.290016,0.076938,0.078162,-0.195499,-0.198103,0.157708,0.158704
2.295016,0.060327,0.058232,-0.171596,-0.169427,0.160570,0.162125
2.300016,0.044461,0.045543,-0.147843,-0.150429,0.162765,0.163872
2.305015,0.029241,0.027282,-0.124300,-0.122186,0.164327,0.165733
2.310015,0.014607,0.015577,-0.101043,-0.103585,0.165289,0.166494
2.315015,0.000509,-0.001338,-0.078118,-0.076082,0.165687,0.166959
2.320014,-0.013042,-0.012181,-0.055641,-0.058101,0.165557,0.166846
2.325014,-0.025967,-0.027691,-0.033752,-0.031839,0.164944,0.166099
2.330014,-0.038249,-0.037517,-0.012521,-0.014854,0.163891,0.165249
2.335013,-0.049894,-0.051492,0.007929,0.009681,0.162444,0.163502
2.340013,-0.060953,-0.060340,0.027448,0.025296,0.160647,0.162056
2.345012,-0.071461,-0.072951,0.045976,0.047529,0.158543,0.159522
2.350012,-0.081439,-0.080936,0.063459,0.061518,0.156175,0.157620
2.355012,-0.090919,-0.092314,0.079863,0.081204,0.153585,0.154503
2.360011,-0.099872,-0.099479,0.095162,0.093444,0.150817,0.152283
2.365011,-0.108275,-0.109568,0.109373,0.110501,0.147912,0.148789
2.370011,-0.116162,-0.115879,0.122542,0.121039,0.144900,0.146375
2.375010,-0.123535,-0.124733,0.134725,0.135663,0.141814,0.142664
2.380010,-0.130360,-0.130194,0.145923,0.144624,0.138687,0.140158
2.385010,-0.136679,-0.137780,0.156181,0.156941,0.135544,0.136381
2.390009,-0.142435,-0.142388,0.165533,0.164426,0.132407,0.133867
2.395009,-0.147644,-0.148644,0.173998,0.174590,0.129302,0.130138
2.400008,-0.152301,-0.152373,0.181570,0.180653,0.126252,0.127694
2.405008,-0.156430,-0.157335,0.188273,0.188704,0.123272,0.124114
2.410008,-0.160057,-0.160242,0.194092,0.193363,0.120381,0.121799
2.415007,-0.163213,-0.164037,0.199090,0.199370,0.117586,0.118442
2.420007,-0.165861,-0.166163,0.203264,0.202715,0.114905,0.116295
2.425007,-0.167945,-0.168675,0.206624,0.206755,0.112349,0.113227
2.430006,-0.169528,-0.169946,0.209223,0.208840,0.109922,0.111284
2.435006,-0.170682,-0.171340,0.211177,0.211194,0.107614,0.108513
2.440006,-0.171413,-0.171931,0.212524,0.212276,0.105426,0.106763
2.445005,-0.171746,-0.172342,0.213282,0.213197,0.103357,0.104279
2.450005,-0.171706,-0.172315,0.213492,0.213369,0.101404,0.102717
2.455004,-0.171357,-0.171905,0.213238,0.213074,0.099554,0.100498
2.460004,-0.170683,-0.171374,0.212540,0.212523,0.097803,0.099097
2.465004,-0.169695,-0.170199,0.211391,0.211153,0.096150,0.097115
2.470003,-0.168430,-0.169194,0.209778,0.209864,0.094601,0.095877
2.475003,-0.166857,-0.167318,0.207833,0.207541,0.093132,0.094116
2.480003,-0.164989,-0.165830,0.205561,0.205729,0.091740,0.093003
2.485002,-0.162897,-0.163332,0.202963,0.202620,0.090422,0.091424
2.490002,-0.160625,-0.161521,0.200000,0.200254,0.089184,0.090436
2.495002,-0.158115,-0.158519,0.196744,0.196357,0.088006,0.089025
2.500001,-0.155281,-0.156258,0.193252,0.193570,0.086874,0.088122
2.505001,-0.152105,-0.152458,0.189557,0.189147,0.085784,0.086815
2.510000,-0.148642,-0.149694,0.185699,0.186067,0.084724,0.085970
2.515000,-0.145019,-0.145357,0.181685,0.181259,0.083694,0.084737
2.520000,-0.141358,-0.142434,0.177514,0.177926,0.082694,0.083940
2.524999,-0.137731,-0.138091,0.173190,0.172744,0.081721,0.082777
2.529999,-0.134177,-0.135257,0.168655,0.169121,0.080782,0.082029
2.534999,-0.130645,-0.131028,0.163932,0.163463,0.079874,0.080942
2.539998,-0.127142,-0.128231,0.159080,0.159588,0.078988,0.080237
2.544998,-0.123692,-0.124100,0.154179,0.153714,0.078111,0.079189
2.549998,-0.120296,-0.121391,0.149252,0.149780,0.077240,0.078495
2.554997,-0.116867,-0.117284,0.144241,0.143776,0.076382,0.077469
2.559997,-0.113371,-0.114491,0.139184,0.139734,0.075532,0.076793
2.564996,-0.109824,-0.110241,0.134160,0.133713,0.074683,0.075779
2.569996,-0.106184,-0.107334,0.129232,0.129773,0.073831,0.075101
2.574996,-0.102427,-0.102833,0.124461,0.124055,0.072971,0.074073
2.579995,-0.098615,-0.099786,0.119821,0.120347,0.072105,0.073383
2.584995,-0.094846,-0.095271,0.115231,0.114844,0.071236,0.072345
2.589995,-0.091116,-0.092293,0.110591,0.111136,0.070375,0.071660
2.594994,-0.087366,-0.087799,0.105907,0.105520,0.069518,0.070636
2.599994,-0.083615,-0.084802,0.101220,0.101774,0.068661,0.069953
2.604994,-0.079889,-0.080337,0.096562,0.096188,0.067802,0.068927
2.609993,-0.076197,-0.077385,0.091906,0.092467,0.066942,0.068242
2.614993,-0.072581,-0.073052,0.087247,0.086882,0.066082,0.067214
2.619992,-0.069046,-0.070228,0.082652,0.083208,0.065213,0.066522
2.624992,-0.065552,-0.066037,0.078153,0.077813,0.064332,0.065469
2.629992,-0.062070,-0.063257,0.073754,0.074295,0.063437,0.064756
2.634991,-0.058561,-0.059051,0.069514,0.069213,0.062522,0.063663
2.639991,-0.055037,-0.056233,0.065510,0.066012,0.061591,0.062921
2.644991,-0.051530,-0.052031,0.061718,0.061468,0.060646,0.061791
2.649990,-0.048087,-0.049277,0.058150,0.058616,0.059690,0.061028
2.654990,-0.044761,-0.045292,0.054749,0.054537,0.058728,0.059877
2.659990,-0.041613,-0.042776,0.051473,0.051917,0.057767,0.059111
2.664989,-0.038693,-0.039276,0.048330,0.048147,0.056804,0.057959
2.669989,-0.036052,-0.037164,0.045327,0.045746,0.055838,0.057189
2.674989,-0.033728,-0.034375,0.042490,0.042344,0.054868,0.056027
2.679988,-0.031617,-0.032687,0.039820,0.040209,0.053898,0.055253
2.684988,-0.029703,-0.030395,0.037277,0.037158,0.052933,0.054098
2.689987,-0.027964,-0.029007,0.034831,0.035203,0.051978,0.053336
2.694987,-0.026323,-0.027040,0.032449,0.032344,0.051032,0.052203
2.699987,-0.024725,-0.025763,0.030123,0.030486,0.050097,0.051457
2.704986,-0.023111,-0.023827,0.027842,0.027748,0.049173,0.050350
2.709986,-0.021453,-0.022502,0.025595,0.025952,0.048260,0.049621
2.714986,-0.019762,-0.020475,0.023374,0.023290,0.047371,0.048556
2.719985,-0.018070,-0.019122,0.021254,0.021593,0.046524,0.047880
2.724985,-0.016374,-0.017087,0.019258,0.019198,0.045739,0.046940
2.729985,-0.014692,-0.015743,0.017379,0.017695,0.045033,0.046377
2.734984,-0.013048,-0.013769,0.015640,0.015608,0.044428,0.045653
2.739984,-0.011469,-0.012508,0.014068,0.014352,0.043947,0.045269
2.744983,-0.009975,-0.010718,0.012698,0.012709,0.043611,0.044867
2.749983,-0.008619,-0.009635,0.011531,0.011778,0.043438,0.044730
2.754983,-0.007395,-0.008167,0.010507,0.010550,0.043447,0.044741
2.759982,-0.006274,-0.007270,0.009550,0.009784,0.043656,0.044909
2.764982,-0.005263,-0.006059,0.008636,0.008689,0.044087,0.045428
2.769982,-0.004340,-0.005322,0.007758,0.007988,0.044757,0.045964
2.774981,-0.003439,-0.004241,0.006903,0.006963,0.045680,0.047073
2.779981,-0.002546,-0.003526,0.006094,0.006317,0.046864,0.048020
2.784981,-0.001721,-0.002537,0.005357,0.005434,0.048317,0.049765
2.789980,-0.001020,-0.001976,0.004682,0.004895,0.050053,0.051154
2.794980,-0.000438,-0.001278,0.004079,0.004171,0.052087,0.053596
2.799979,0.000021,-0.000913,0.003478,0.003693,0.054429,0.055469
2.804979,0.000422,-0.000432,0.002860,0.002955,0.057086,0.058659
2.809979,0.000750,-0.000170,0.002269,0.002486,0.060065,0.061043
2.814978,0.001013,0.000149,0.001747,0.001863,0.063372,0.065011
2.819978,0.001273,0.000357,0.001316,0.001521,0.067010,0.067921
2.824978,0.001531,0.000668,0.000991,0.001135,0.070983,0.072690
2.829977,0.001796,0.000880,0.000727,0.000928,0.075295,0.076140
2.834977,0.002042,0.001175,0.000495,0.000653,0.079946,0.081721
2.839977,0.002204,0.001304,0.000268,0.000472,0.084939,0.085716
2.844976,0.002321,0.001447,0.000054,0.000223,0.090279,0.092124
2.849976,0.002408,0.001518,-0.000111,0.000096,0.095966,0.096673
2.854975,0.002440,0.001557,-0.000204,-0.000008,0.101999,0.103913
2.859975,0.002388,0.001518,-0.000224,-0.000019,0.108375,0.109014
2.864975,0.002217,0.001316,-0.000210,0.000007,0.115090,0.117072
2.869974,0.001931,0.001088,-0.000169,0.000046,0.122139,0.122711
2.874974,0.001519,0.000596,-0.000165,0.000058,0.129517,0.131565
2.879974,0.001029,0.000203,-0.000199,0.000037,0.137220,0.137727
2.884973,0.000602,-0.000307,-0.000286,-0.000057,0.145246,0.147358
2.889973,0.000315,-0.000535,-0.000421,-0.000162,0.153589,0.154033
2.894973,0.000211,-0.000661,-0.000519,-0.000269,0.162245,0.164419
2.899972,0.000203,-0.000666,-0.000533,-0.000275,0.171210,0.171591
2.904972,0.000259,-0.000597,-0.000440,-0.000153,0.180486,0.182722
2.909971,0.000327,-0.000540,-0.000193,0.000051,0.190070,0.190390
2.914971,0.000400,-0.000451,0.000187,0.000516,0.199959,0.202256
2.919971,0.000472,-0.000391,0.000660,0.000904,0.210147,0.210406
2.924970,0.000498,-0.000358,0.001157,0.001513,0.220628,0.222983
2.929970,0.000376,-0.000454,0.001720,0.001971,0.231401,0.231601
2.934970,0.000125,-0.000753,0.002347,0.002732,0.242463,0.244875
2.939969,-0.000303,-0.001090,0.002914,0.003195,0.253812,0.253954
2.944969,-0.000940,-0.001853,0.003371,0.003756,0.265443,0.267910
2.949969,-0.001786,-0.002526,0.003757,0.004072,0.277351,0.277437
2.954968,-0.002777,-0.003707,0.004103,0.004500,0.289532,0.292054
2.959968,-0.003788,-0.004513,0.004426,0.004767,0.301982,0.302014
2.964967,-0.004763,-0.005677,0.004735,0.005151,0.314693,0.317266
2.969967,-0.005686,-0.006412,0.005064,0.005421,0.327662,0.327642
2.974967,-0.006544,-0.007434,0.005512,0.005973,0.340882,0.343506
2.979966,-0.007272,-0.008014,0.006148,0.006492,0.354348,0.354278
2.984966,-0.007789,-0.008629,0.006948,0.007463,0.368055,0.370725
2.989966,-0.008105,-0.008877,0.007862,0.008203,0.381999,0.381880
2.994965,-0.008249,-0.009044,0.008872,0.009430,0.396175,0.398890
2.999965,-0.008278,-0.009061,0.009940,0.010296,0.410583,0.410416
3.004965,-0.008256,-0.009027,0.010978,0.011557,0.425221,0.427981
3.009964,-0.008214,-0.008987,0.012000,0.012385,0.440088,0.439874
3.014964,-0.008194,-0.008952,0.012958,0.013551,0.455186,0.457991
3.019964,-0.008148,-0.008911,0.013854,0.014280,0.470518,0.470255
3.024963,-0.008076,-0.008815,0.014632,0.015229,0.486088,0.488939
3.029963,-0.007975,-0.008727,0.015349,0.015812,0.501903,0.501591
3.034962,-0.007822,-0.008532,0.016032,0.016646,0.517972,0.520873
3.039962,-0.007636,-0.008377,0.016668,0.017164,0.534301,0.533936
3.044962,-0.007419,-0.008106,0.017309,0.017947,0.550892,0.553846
3.049961,-0.007181,-0.007908,0.017977,0.018496,0.567754,0.567334
3.054961,-0.006896,-0.007554,0.018583,0.019237,0.584889,0.587896
3.059961,-0.006527,-0.007251,0.019081,0.019647,0.602301,0.601826
3.064960,-0.006068,-0.006688,0.019479,0.020141,0.619998,0.623062
3.069960,-0.005555,-0.006268,0.019824,0.020427,0.637984,0.637451
3.074960,-0.005048,-0.005647,0.020117,0.020796,0.656263,0.659385
3.079959,-0.004601,-0.005281,0.020377,0.021015,0.674836,0.674244
3.084959,-0.004159,-0.004735,0.020591,0.021288,0.693708,0.696891
3.089958,-0.003749,-0.004398,0.020838,0.021493,0.712879,0.712227
3.094958,-0.003411,-0.003975,0.021177,0.021912,0.732352,0.735595
3.099958,-0.003159,-0.003760,0.021493,0.022176,0.752131,0.751418
3.104957,-0.002978,-0.003526,0.021708,0.022448,0.772218,0.775523
3.109957,-0.002845,-0.003406,0.021802,0.022534,0.792615,0.791841
3.114957,-0.002801,-0.003331,0.021776,0.022517,0.813325,0.816694
3.119956,-0.002765,-0.003291,0.021600,0.022386,0.834345,0.833510
3.124956,-0.002671,-0.003158,0.021288,0.022027,0.855668,0.859098
3.129956,-0.002475,-0.002990,0.020872,0.021703,0.877291,0.876397
3.134955,-0.002094,-0.002513,0.020397,0.021148,0.899212,0.902703
3.139955,-0.001505,-0.002029,0.019948,0.020797,0.921426,0.920475
3.144954,-0.000735,-0.001083,0.019531,0.020310,0.943931,0.947481
3.149954,0.000163,-0.000347,0.019109,0.019980,0.966724,0.965716
3.154954,0.001106,0.000806,0.018732,0.019541,0.989810,0.993419
3.159953,0.002046,0.001574,0.018446,0.019321,1.013185,1.012120
3.164953,0.002936,0.002667,0.018240,0.019088,1.036842,1.040510
3.169953,0.003770,0.003351,0.018147,0.019021,1.060776,1.059657
3.174952,0.004572,0.004338,0.018131,0.019012,1.084982,1.088705
3.179952,0.005334,0.004966,0.018146,0.019030,1.109458,1.108286
3.184952,0.006055,0.005859,0.018161,0.019058,1.134202,1.137978
3.189951,0.006702,0.006396,0.018162,0.019064,1.159211,1.157986
3.194951,0.007182,0.006998,0.018144,0.019049,1.184481,1.188311
3.199950,0.007470,0.007246,0.018038,0.018970,1.210013,1.208738
3.204950,0.007613,0.007449,0.017793,0.018686,1.235803,1.239687
3.209950,0.007634,0.007483,0.017450,0.018416,1.261848,1.260523
3.214949,0.007598,0.007469,0.017040,0.017930,1.288134,1.292066
3.219949,0.007537,0.007441,0.016611,0.017591,1.314647,1.313278
3.224949,0.007434,0.007349,0.016097,0.016978,1.341365,1.345340
3.229948,0.007311,0.007271,0.015503,0.016507,1.368268,1.366863
3.234948,0.007184,0.007149,0.014812,0.015679,1.395334,1.399342
3.239948,0.007038,0.007052,0.014024,0.015050,1.422541,1.421108
3.244947,0.006840,0.006849,0.013144,0.013994,1.449868,1.453902
3.249947,0.006643,0.006712,0.012206,0.013244,1.477298,1.475846
3.254946,0.006470,0.006537,0.011229,0.012072,1.504812,1.508862
3.259946,0.006342,0.006454,0.010256,0.011288,1.532392,1.530927
3.264946,0.006298,0.006431,0.009370,0.010221,1.560021,1.564083
3.269945,0.006286,0.006444,0.008544,0.009557,1.587690,1.586218
3.274945,0.006281,0.006469,0.007756,0.008604,1.615385,1.619451
3.279945,0.006292,0.006498,0.006983,0.007983,1.643087,1.641613
3.284944,0.006378,0.006632,0.006236,0.007081,1.670787,1.674854
3.289944,0.006525,0.006772,0.005594,0.006563,1.698479,1.697007
3.294944,0.006699,0.007012,0.005047,0.005897,1.726150,1.730212
3.299943,0.006928,0.007217,0.004593,0.005528,1.753788,1.752323
3.304943,0.007151,0.007516,0.004204,0.005053,1.781388,1.785443
3.309942,0.007342,0.007689,0.003869,0.004780,1.808942,1.807486
3.314942,0.007458,0.007858,0.003502,0.004329,1.836440,1.840484
3.319942,0.007508,0.007918,0.003156,0.004043,1.863878,1.862434
3.324941,0.007447,0.007874,0.002869,0.003684,1.891248,1.895279
3.329941,0.007242,0.007728,0.002628,0.003480,1.918545,1.917117
3.334941,0.006933,0.007386,0.002432,0.003228,1.945760,1.949774
3.339940,0.006570,0.007111,0.002211,0.003039,1.972889,1.971478
3.344940,0.006194,0.006689,0.001965,0.002730,1.999930,2.003927
3.349940,0.005869,0.006445,0.001775,0.002565,2.026882,2.025488
3.354939,0.005584,0.006130,0.001666,0.002415,2.053741,2.057719
3.359939,0.005369,0.005973,0.001559,0.002318,2.080503,2.079129
3.364938,0.005232,0.005833,0.001392,0.002097,2.107166,2.111123
3.369938,0.005127,0.005764,0.001154,0.001893,2.133731,2.132375
3.374938,0.005011,0.005648,0.000858,0.001519,2.160195,2.164133
3.379937,0.004901,0.005576,0.000546,0.001256,2.186558,2.185223
3.384937,0.004788,0.005464,0.000262,0.000895,2.212815,2.216731
3.389937,0.004682,0.005392,0.000069,0.000727,2.238964,2.237650
3.394936,0.004589,0.005298,-0.000052,0.000560,2.265002,2.268895
3.399936,0.004489,0.005230,-0.000125,0.000486,2.290931,2.289638
3.404936,0.004375,0.005110,-0.000131,0.000456,2.316757,2.320630
3.409935,0.004166,0.004955,-0.000061,0.000497,2.342483,2.341211
3.414935,0.003840,0.004580,0.000012,0.000560,2.368109,2.371962
3.419935,0.003400,0.004238,-0.000016,0.000521,2.393631,2.392380
3.424934,0.002891,0.003643,-0.000129,0.000362,2.419051,2.422883
3.429934,0.002316,0.003193,-0.000253,0.000246,2.444373,2.443140
3.434933,0.001722,0.002494,-0.000373,0.000077,2.469595,2.473407
3.439933,0.001166,0.002058,-0.000474,-0.000020,2.494720,2.493507
3.444933,0.000712,0.001525,-0.000511,-0.000093,2.519753,2.523546
3.449932,0.000325,0.001224,-0.000483,-0.000086,2.544693,2.543498
3.454932,-0.000020,0.000825,-0.000395,-0.000006,2.569544,2.573319
3.459932,-0.000257,0.000644,-0.000245,0.000098,2.594306,2.593130
3.464931,-0.000414,0.000466,-0.000094,0.000252,2.618980,2.622738
3.469931,-0.000427,0.000465,0.000014,0.000323,2.643564,2.642406
3.474931,-0.000297,0.000627,0.000075,0.000369,2.668062,2.671803
3.479930,-0.000086,0.000802,0.000127,0.000393,2.692472,2.691331
3.484930,0.000147,0.001088,0.000132,0.000374,2.716798,2.720522
3.489929,0.000336,0.001243,0.000092,0.000324,2.741041,2.739917
3.494929,0.000474,0.001415,-0.000043,0.000137,2.765201,2.768909
3.499929,0.000548,0.001475,-0.000219,-0.000022,2.789278,2.788170
3.504928,0.000602,0.001546,-0.000416,-0.000285,2.813275,2.816967
3.509928,0.000751,0.001667,-0.000655,-0.000494,2.837195,2.836102
3.514928,0.001049,0.002029,-0.000962,-0.000890,2.861041,2.864717
3.519927,0.001485,0.002382,-0.001333,-0.001205,2.884814,2.883735
3.524927,0.001971,0.002967,-0.001745,-0.001726,2.908512,2.912173
3.529927,0.002445,0.003346,-0.002143,-0.002062,2.932137,2.931072
3.534926,0.002905,0.003897,-0.002446,-0.002454,2.955687,2.959332
3.539926,0.003300,0.004215,-0.002643,-0.002629,2.979160,2.978110
3.544925,0.003576,0.004544,-0.002755,-0.002788,3.002558,3.006188
3.549925,0.003705,0.004647,-0.002716,-0.002772,3.025885,3.024849
3.554925,0.003700,0.004642,-0.002562,-0.002616,3.049145,3.052762
3.559924,0.003636,0.004589,-0.002367,-0.002476,3.072341,3.071319
3.564924,0.003500,0.004423,-0.002169,-0.002264,3.095471,3.099075
3.569924,0.003270,0.004238,-0.001929,-0.002087,3.118533,3.117525
3.574923,0.002982,0.003889,-0.001687,-0.001823,3.141531,-3.138063
3.579923,0.002676,0.003641,-0.001487,-0.001680,-3.118723,-3.119718
3.584923,0.002370,0.003269,-0.001306,-0.001489,-3.095859,-3.092281
3.589922,0.002104,0.003053,-0.001152,-0.001384,-3.073059,-3.074041
3.594922,0.001895,0.002796,-0.001035,-0.001268,-3.050320,-3.046753
3.599921,0.001746,0.002673,-0.000949,-0.001217,-3.027638,-3.028608
3.604921,0.001623,0.002520,-0.000914,-0.001199,-3.005012,-3.001456
3.609921,0.001542,0.002451,-0.000953,-0.001245,-2.982440,-2.983399
3.614920,0.001489,0.002376,-0.001069,-0.001408,-2.959923,-2.956378
3.619920,0.001411,0.002305,-0.001263,-0.001580,-2.937457,-2.938405
3.624920,0.001382,0.002262,-0.001539,-0.001935,-2.915037,-2.911502
3.629919,0.001419,0.002283,-0.001880,-0.002222,-2.892657,-2.893598
3.634919,0.001505,0.002375,-0.002254,-0.002695,-2.870306,-2.866777
3.639919,0.001563,0.002411,-0.002618,-0.003001,-2.847976,-2.848914
3.644918,0.001626,0.002477,-0.002933,-0.003401,-2.825661,-2.822136
3.649918,0.001720,0.002544,-0.003154,-0.003592,-2.803358,-2.804294
3.654917,0.001848,0.002682,-0.003337,-0.003834,-2.781060,-2.777537
3.659917,0.001971,0.002771,-0.003547,-0.004017,-2.758766,-2.759702
3.664917,0.002099,0.002910,-0.003771,-0.004307,-2.736470,-2.732947
3.669916,0.002226,0.003001,-0.003954,-0.004466,-2.714171,-2.715108
3.674916,0.002394,0.003185,-0.004156,-0.004729,-2.691864,-2.688340
3.679916,0.002514,0.003273,-0.004354,-0.004902,-2.669549,-2.670488
3.684915,0.002558,0.003311,-0.004492,-0.005089,-2.647218,-2.643692
3.689915,0.002571,0.003313,-0.004583,-0.005176,-2.624868,-2.625811
3.694915,0.002520,0.003236,-0.004636,-0.005260,-2.602489,-2.598957
3.699914,0.002409,0.003136,-0.004629,-0.005267,-2.580077,-2.581027
3.704914,0.002255,0.002933,-0.004524,-0.005159,-2.557631,-2.554091
3.709913,0.002050,0.002755,-0.004304,-0.004994,-2.535149,-2.536106
3.714913,0.001812,0.002450,-0.004053,-0.004711,-2.512630,-2.509082
3.719913,0.001533,0.002214,-0.003799,-0.004520,-2.490071,-2.491035
3.724912,0.001252,0.001857,-0.003511,-0.004193,-2.467474,-2.463918
3.729912,0.000946,0.001601,-0.003198,-0.003954,-2.444840,-2.445810
3.734912,0.000536,0.001091,-0.002865,-0.003572,-2.422168,-2.418603
3.739911,0.000051,0.000690,-0.002512,-0.003301,-2.399454,-2.400431
3.744911,-0.000492,0.000019,-0.002138,-0.002869,-2.376699,-2.373125
3.749911,-0.001047,-0.000440,-0.001778,-0.002592,-2.353902,-2.354888
3.754910,-0.001561,-0.001079,-0.001444,-0.002207,-2.331058,-2.327475
3.759910,-0.002028,-0.001470,-0.001178,-0.002005,-2.308165,-2.309160
3.764910,-0.002429,-0.001972,-0.000955,-0.001751,-2.285219,-2.281625
3.769909,-0.002770,-0.002260,-0.000755,-0.001601,-2.262226,-2.263230
3.774909,-0.003060,-0.002630,-0.000557,-0.001377,-2.239185,-2.235581
3.779908,-0.003256,-0.002801,-0.000319,-0.001197,-2.216093,-2.217108
3.784908,-0.003359,-0.002947,0.000003,-0.000822,-2.192949,-2.189334
3.789908,-0.003355,-0.002957,0.000416,-0.000498,-2.169754,-2.170778
3.794907,-0.003300,-0.002915,0.000917,0.000089,-2.146511,-2.142886
3.799907,-0.003151,-0.002812,0.001413,0.000482,-2.123218,-2.124251
3.804907,-0.002871,-0.002503,0.001813,0.000952,-2.099874,-2.096238
3.809906,-0.002491,-0.002213,0.002106,0.001179,-2.076479,-2.077523
3.814906,-0.002081,-0.001747,0.002299,0.001404,-2.053035,-2.049390
3.819906,-0.001678,-0.001441,0.002448,0.001518,-2.029542,-2.030595
3.824905,-0.001312,-0.001029,0.002550,0.001632,-2.005995,-2.002338
3.829905,-0.000981,-0.000780,0.002585,0.001655,-1.982396,-1.983459
time, Quad.Roll, Quad.Est.Roll, Quad.Pitch, Quad.Est.Pitch, Quad.Yaw, Quad.Est.Yaw
0.005000,0.000015,0.000018,-0.000028,-0.000037,0.000000,0.000000
0.010000,0.000052,0.000047,-0.000397,-0.000318,0.000002,0.000002
0.015000,0.000095,0.000097,-0.001892,-0.002133,0.000003,0.000003
0.020000,0.000102,0.000105,-0.005626,-0.005103,-0.000001,-0.000000
0.025000,0.000004,-0.000012,-0.012701,-0.013613,-0.000012,-0.000013
0.030000,-0.000186,-0.000165,-0.024250,-0.022839,-0.000024,-0.000023
0.035000,-0.000472,-0.000508,-0.041147,-0.043124,-0.000033,-0.000034
0.040000,-0.000833,-0.000799,-0.063815,-0.061260,-0.000034,-0.000034
0.045000,-0.001198,-0.001237,-0.092226,-0.095348,-0.000019,-0.000016
0.050000,-0.001574,-0.001537,-0.125811,-0.122237,0.000017,0.000013
0.055000,-0.001961,-0.002000,-0.163536,-0.167493,0.000078,0.000086
0.060000,-0.002340,-0.002305,-0.204027,-0.199916,0.000163,0.000154
0.065000,-0.002634,-0.002657,-0.245787,-0.250016,0.000269,0.000281
0.070000,-0.002792,-0.002782,-0.287347,-0.283291,0.000392,0.000379
0.075000,-0.002870,-0.002877,-0.327421,-0.331375,0.000528,0.000543
0.080000,-0.002942,-0.002932,-0.364951,-0.361421,0.000671,0.000657
0.085000,-0.003058,-0.003072,-0.399225,-0.402559,0.000815,0.000829
0.090000,-0.003201,-0.003187,-0.429886,-0.427096,0.000956,0.000943
0.095000,-0.003342,-0.003356,-0.456936,-0.459573,0.001095,0.001109
0.100000,-0.003468,-0.003457,-0.480510,-0.478437,0.001231,0.001218
0.105000,-0.003555,-0.003562,-0.500924,-0.502959,0.001362,0.001375
0.110000,-0.003606,-0.003604,-0.518636,-0.517131,0.001488,0.001476
0.115000,-0.003637,-0.003642,-0.534101,-0.535711,0.001607,0.001619
0.120000,-0.003683,-0.003678,-0.547734,-0.546621,0.001714,0.001704
0.125000,-0.003780,-0.003792,-0.559994,-0.561356,0.001808,0.001818
0.130000,-0.003881,-0.003874,-0.571304,-0.570408,0.001895,0.001887
0.135000,-0.003950,-0.003955,-0.582015,-0.583278,0.001977,0.001986
0.140000,-0.003940,-0.003946,-0.592365,-0.591566,0.002052,0.002046
0.145000,-0.003868,-0.003860,-0.602492,-0.603735,0.002121,0.002128
0.150000,-0.003701,-0.003726,-0.612475,-0.611732,0.002182,0.002177
0.155000,-0.003472,-0.003449,-0.622137,-0.623325,0.002237,0.002242
0.160000,-0.003179,-0.003215,-0.630491,-0.630045,0.002278,0.002276
0.165000,-0.002838,-0.002805,-0.635931,-0.636564,0.002305,0.002307
0.170000,-0.002470,-0.002510,-0.636820,-0.637308,0.002318,0.002318
0.175000,-0.002114,-0.002085,-0.631595,-0.631032,0.002317,0.002316
0.180000,-0.001816,-0.001912,-0.618891,-0.620896,0.002301,0.002303
0.185000,-0.001566,-0.001794,-0.597579,-0.595322,0.002274,0.002267
0.190000,-0.001274,-0.001680,-0.566833,-0.570742,0.002239,0.002230
0.195000,-0.000901,-0.001407,-0.526193,-0.521987,0.002203,0.002163
0.200000,-0.000472,-0.001112,-0.475488,-0.481424,0.002177,0.002115
0.205000,-0.000032,-0.000564,-0.415171,-0.409075,0.002175,0.002066
0.210000,0.000395,-0.000210,-0.346301,-0.353956,0.002204,0.002055
0.215000,0.000789,0.000277,-0.270854,-0.263478,0.002265,0.002076
0.220000,0.001080,0.000517,-0.191548,-0.199998,0.002348,0.002107
0.225000,0.001287,0.000771,-0.111088,-0.103491,0.002443,0.002168
0.230000,0.001405,0.000867,-0.031784,-0.040021,0.002543,0.002215
0.235000,0.001501,0.000982,0.044526,0.051524,0.002646,0.002289
0.240000,0.001587,0.001048,0.116403,0.109041,0.002749,0.002341
0.245000,0.001663,0.001134,0.182969,0.188919,0.002853,0.002422
0.250000,0.001761,0.001206,0.243739,0.237544,0.002953,0.002476
0.255000,0.001940,0.001410,0.298475,0.303240,0.003052,0.002558
0.260000,0.002191,0.001604,0.347121,0.342165,0.003154,0.002616
0.265000,0.002507,0.001972,0.389740,0.393325,0.003258,0.002710
0.270000,0.002843,0.002235,0.426525,0.422758,0.003361,0.002774
0.275000,0.003162,0.002609,0.457776,0.460281,0.003458,0.002867
0.280000,0.003486,0.002863,0.483898,0.481181,0.003550,0.002926
0.285000,0.003762,0.003186,0.505366,0.506968,0.003633,0.003009
0.290000,0.003950,0.003333,0.522793,0.520908,0.003704,0.003056
0.295000,0.004024,0.003417,0.536945,0.537916,0.003764,0.003115
0.300000,0.004017,0.003406,0.548567,0.547212,0.003811,0.003146
0.305000,0.004056,0.003449,0.558419,0.559060,0.003843,0.003177
0.310000,0.004182,0.003547,0.567143,0.566041,0.003864,0.003188
0.314999,0.004373,0.003771,0.575234,0.575771,0.003876,0.003196
0.319999,0.004608,0.003958,0.583104,0.582073,0.003886,0.003199
0.324999,0.004869,0.004266,0.591106,0.591694,0.003897,0.003206
0.329999,0.005146,0.004485,0.599480,0.598400,0.003915,0.003214
0.334999,0.005416,0.004803,0.608400,0.609118,0.003940,0.003236
0.339999,0.005637,0.004977,0.617881,0.616715,0.003973,0.003257
0.344999,0.005762,0.005123,0.627804,0.628633,0.004014,0.003296
0.349999,0.005781,0.005133,0.637970,0.636779,0.004059,0.003326
0.354999,0.005756,0.005098,0.648103,0.648949,0.004102,0.003367
0.359999,0.005708,0.005057,0.657958,0.656844,0.004137,0.003389
0.364999,0.005591,0.004910,0.667376,0.668158,0.004166,0.003415
0.369999,0.005406,0.004756,0.676172,0.675207,0.004186,0.003424
0.374999,0.005281,0.004602,0.684146,0.684789,0.004197,0.003430
0.379999,0.005294,0.004609,0.691282,0.690508,0.004201,0.003427
0.384999,0.005450,0.004791,0.697562,0.698058,0.004199,0.003419
0.389999,0.005669,0.004964,0.703035,0.702442,0.004197,0.003413
0.394998,0.005866,0.005195,0.707856,0.708241,0.004195,0.003406
0.399998,0.005994,0.005296,0.712145,0.711677,0.004194,0.003402
0.404998,0.006094,0.005412,0.716010,0.716328,0.004195,0.003398
0.409998,0.006115,0.005426,0.719507,0.719130,0.004190,0.003392
0.414998,0.006072,0.005371,0.722769,0.723056,0.004179,0.003374
0.419998,0.005960,0.005283,0.725865,0.725540,0.004157,0.003355
0.424998,0.005733,0.005011,0.728814,0.729086,0.004129,0.003318
0.429998,0.005459,0.004790,0.731340,0.731123,0.004097,0.003290
0.434998,0.005203,0.004484,0.732928,0.733028,0.004062,0.003246
0.439998,0.004951,0.004286,0.732895,0.733020,0.004020,0.003213
0.444998,0.004630,0.003902,0.730637,0.730313,0.003968,0.003152
0.449998,0.004245,0.003596,0.725632,0.726323,0.003904,0.003105
0.454998,0.003865,0.003148,0.717541,0.716623,0.003830,0.003025
0.459998,0.003508,0.002867,0.706214,0.707569,0.003746,0.002966
0.464998,0.003207,0.002515,0.691705,0.690175,0.003655,0.002872
0.469997,0.002982,0.002344,0.674239,0.676205,0.003556,0.002805
0.474997,0.002799,0.002139,0.654161,0.652133,0.003454,0.002702
0.479997,0.002638,0.002020,0.631881,0.634310,0.003351,0.002633
0.484997,0.002442,0.001797,0.607839,0.605482,0.003247,0.002532
0.489997,0.002178,0.001593,0.582458,0.585182,0.003149,0.002468
0.494997,0.001865,0.001231,0.556088,0.553561,0.003058,0.002382
0.499997,0.001525,0.000965,0.529124,0.531992,0.002978,0.002333
0.504997,0.001227,0.000620,0.502014,0.499484,0.002909,0.002272
0.509997,0.001026,0.000464,0.475123,0.477978,0.002849,0.002238
0.514997,0.000921,0.000347,0.448717,0.446311,0.002794,0.002193
0.519997,0.000884,0.000323,0.422990,0.425739,0.002746,0.002167
0.524997,0.000933,0.000389,0.397995,0.395761,0.002702,0.002133
0.529997,0.001045,0.000486,0.373688,0.376328,0.002660,0.002111
0.534997,0.001195,0.000673,0.349998,0.347916,0.002615,0.002073
0.539997,0.001427,0.000864,0.326890,0.329443,0.002564,0.002043
0.544997,0.001673,0.001166,0.304221,0.302254,0.002505,0.001988
0.549996,0.001949,0.001390,0.281852,0.284368,0.002438,0.001944
0.554996,0.002233,0.001734,0.259724,0.257826,0.002365,0.001871
0.559996,0.002471,0.001926,0.237718,0.240231,0.002293,0.001823
0.564996,0.002631,0.002122,0.215793,0.213933,0.002222,0.001752
0.569996,0.002702,0.002180,0.193958,0.196471,0.002156,0.001709
0.574996,0.002652,0.002120,0.172262,0.170447,0.002099,0.001654
0.579996,0.002414,0.001931,0.150771,0.153260,0.002048,0.001622
0.584996,0.002019,0.001459,0.129553,0.127809,0.002008,0.001588
0.589996,0.001520,0.001060,0.108705,0.111135,0.001984,0.001577
0.594996,0.000934,0.000357,0.088280,0.086634,0.001975,0.001578
0.599996,0.000270,-0.000175,0.068369,0.070709,0.001982,0.001593
0.604996,-0.000389,-0.000965,0.049011,0.047483,0.002004,0.001631
0.609996,-0.001045,-0.001491,0.030255,0.032481,0.002038,0.001665
0.614996,-0.001685,-0.002256,0.012087,0.010681,0.002079,0.001726
0.619996,-0.002272,-0.002728,-0.005522,-0.003404,0.002126,0.001771
0.624996,-0.002766,-0.003322,-0.022577,-0.023870,0.002180,0.001845
0.629995,-0.003146,-0.003626,-0.039036,-0.037038,0.002233,0.001894
0.634995,-0.003423,-0.003958,-0.054889,-0.056062,0.002288,0.001970
0.639995,-0.003588,-0.004090,-0.070108,-0.068242,0.002346,0.002023
0.644995,-0.003665,-0.004183,-0.084619,-0.085658,0.002407,0.002105
0.649995,-0.003650,-0.004170,-0.098400,-0.096687,0.002469,0.002160
0.654995,-0.003534,-0.004032,-0.111436,-0.112337,0.002525,0.002236
0.659995,-0.003299,-0.003842,-0.123740,-0.122185,0.002570,0.002277
0.664995,-0.003022,-0.003510,-0.135309,-0.136074,0.002600,0.002320
0.669995,-0.002763,-0.003304,-0.146143,-0.144746,0.002615,0.002336
0.674995,-0.002548,-0.003048,-0.156223,-0.156848,0.002621,0.002350
0.679995,-0.002399,-0.002930,-0.165487,-0.164265,0.002624,0.002356
0.684995,-0.002314,-0.002829,-0.173941,-0.174418,0.002623,0.002362
0.689995,-0.002281,-0.002803,-0.181540,-0.180502,0.002622,0.002364
0.694995,-0.002321,-0.002851,-0.188338,-0.188672,0.002618,0.002362
0.699995,-0.002463,-0.002967,-0.194457,-0.193573,0.002603,0.002353
0.704994,-0.002661,-0.003205,-0.199960,-0.200187,0.002576,0.002325
0.709994,-0.002822,-0.003334,-0.204838,-0.204096,0.002541,0.002299
0.714994,-0.002911,-0.003442,-0.209131,-0.209260,0.002498,0.002250
0.719994,-0.002974,-0.003494,-0.212896,-0.212277,0.002446,0.002210
0.724994,-0.002988,-0.003510,-0.216209,-0.216262,0.002388,0.002142
0.729994,-0.002866,-0.003413,-0.219073,-0.218560,0.002327,0.002094
0.734994,-0.002606,-0.003102,-0.221530,-0.221519,0.002265,0.002022
0.739994,-0.002306,-0.002860,-0.223534,-0.223129,0.002207,0.001977
0.744994,-0.002065,-0.002570,-0.225045,-0.224953,0.002151,0.001911
0.749994,-0.001904,-0.002442,-0.226040,-0.225757,0.002098,0.001869
0.754994,-0.001818,-0.002339,-0.226512,-0.226336,0.002048,0.001809
0.759994,-0.001781,-0.002307,-0.226428,-0.226273,0.001999,0.001769
0.764994,-0.001822,-0.002357,-0.225829,-0.225565,0.001951,0.001711
0.769994,-0.001907,-0.002424,-0.224734,-0.224695,0.001904,0.001674
0.774994,-0.002003,-0.002537,-0.223215,-0.222883,0.001855,0.001614
0.779994,-0.002047,-0.002572,-0.221296,-0.221356,0.001805,0.001573
0.784993,-0.002041,-0.002563,-0.219037,-0.218655,0.001751,0.001507
0.789993,-0.001961,-0.002497,-0.216431,-0.216576,0.001695,0.001461
0.794993,-0.001827,-0.002335,-0.213513,-0.213086,0.001640,0.001393
0.799993,-0.001603,-0.002155,-0.210291,-0.210514,0.001585,0.001348
0.804993,-0.001307,-0.001800,-0.206813,-0.206352,0.001531,0.001281
0.809993,-0.000973,-0.001530,-0.203139,-0.203420,0.001479,0.001238
0.814993,-0.000685,-0.001182,-0.199305,-0.198832,0.001429,0.001175
0.819993,-0.000430,-0.000978,-0.195378,-0.195700,0.001383,0.001136
0.824993,-0.000177,-0.000674,-0.191337,-0.190861,0.001344,0.001087
0.829993,0.000074,-0.000471,-0.187225,-0.187579,0.001306,0.001055
0.834993,0.000282,-0.000222,-0.183077,-0.182612,0.001264,0.001002
0.839993,0.000453,-0.000086,-0.178890,-0.179270,0.001221,0.000966
0.844993,0.000647,0.000148,-0.174616,-0.174151,0.001176,0.000910
0.849993,0.000847,0.000309,-0.170208,-0.170632,0.001131,0.000871
0.854993,0.001001,0.000492,-0.165629,-0.165148,0.001085,0.000814
0.859993,0.001054,0.000533,-0.160935,-0.161398,0.001039,0.000775
0.864992,0.001028,0.000503,-0.156194,-0.155718,0.000991,0.000715
0.869992,0.000947,0.000437,-0.151411,-0.151898,0.000944,0.000675
0.874992,0.000835,0.000304,-0.146591,-0.146122,0.000897,0.000616
0.879992,0.000692,0.000188,-0.141738,-0.142246,0.000848,0.000574
0.884992,0.000533,-0.000002,-0.136803,-0.136333,0.000795,0.000507
0.889992,0.000358,-0.000142,-0.131803,-0.132336,0.000740,0.000461
0.894992,0.000163,-0.000375,-0.126777,-0.126313,0.000680,0.000387
0.899992,-0.000051,-0.000547,-0.121733,-0.122282,0.000615,0.000333
0.904992,-0.000284,-0.000830,-0.116705,-0.116256,0.000547,0.000247
0.909992,-0.000813,-0.001239,-0.111698,-0.112253,0.000479,0.000191
0.914992,-0.002418,-0.003178,-0.106733,-0.106299,0.000407,0.000101
0.919992,-0.006065,-0.006075,-0.101797,-0.102351,0.000323,0.000032
0.924992,-0.012951,-0.014355,-0.097003,-0.096603,0.000209,-0.000107
0.929992,-0.024184,-0.023329,-0.092321,-0.092863,0.000050,-0.000237
0.934992,-0.040608,-0.043051,-0.087684,-0.087306,-0.000175,-0.000511
0.939991,-0.062797,-0.060803,-0.083154,-0.083686,-0.000493,-0.000766
0.944991,-0.090808,-0.094414,-0.078777,-0.078441,-0.000920,-0.001282
0.949991,-0.124084,-0.121058,-0.074609,-0.075108,-0.001462,-0.001718
0.954991,-0.161606,-0.166072,-0.070659,-0.070372,-0.002122,-0.002513
0.959991,-0.201985,-0.198410,-0.066922,-0.067387,-0.002896,-0.003133
0.964991,-0.243644,-0.248396,-0.063440,-0.063213,-0.003758,-0.004169
0.969991,-0.285145,-0.281630,-0.060228,-0.060645,-0.004683,-0.004912
0.974991,-0.325202,-0.329706,-0.057275,-0.057105,-0.005651,-0.006076
0.979991,-0.362857,-0.359856,-0.054521,-0.054905,-0.006663,-0.006887
0.984991,-0.397452,-0.401389,-0.051933,-0.051802,-0.007711,-0.008146
0.989991,-0.428646,-0.426363,-0.049470,-0.049836,-0.008788,-0.009008
0.994991,-0.456294,-0.459567,-0.047085,-0.046978,-0.009903,-0.010348
0.999991,-0.480475,-0.478925,-0.044735,-0.045101,-0.011066,-0.011279
1.004991,-0.501426,-0.504097,-0.042381,-0.042280,-0.012284,-0.012743
1.009991,-0.519496,-0.518562,-0.040033,-0.040404,-0.013547,-0.013755
1.014991,-0.535186,-0.537425,-0.037736,-0.037651,-0.014827,-0.015293
1.019992,-0.548986,-0.548478,-0.035517,-0.035878,-0.016098,-0.016312
1.024992,-0.561351,-0.563353,-0.033371,-0.033305,-0.017351,-0.017817
1.029992,-0.572702,-0.572448,-0.031313,-0.031660,-0.018569,-0.018793
1.034992,-0.583377,-0.585294,-0.029381,-0.029345,-0.019729,-0.020187
1.039993,-0.593639,-0.593524,-0.027546,-0.027877,-0.020842,-0.021080
1.044993,-0.603639,-0.605556,-0.025820,-0.025809,-0.021892,-0.022342
1.049993,-0.613447,-0.613427,-0.024221,-0.024531,-0.022865,-0.023121
1.054993,-0.622855,-0.624735,-0.022774,-0.022797,-0.023742,-0.024176
1.059994,-0.630868,-0.631197,-0.021458,-0.021746,-0.024533,-0.024810
1.064994,-0.635866,-0.637210,-0.020252,-0.020300,-0.025240,-0.025661
1.069994,-0.636181,-0.637514,-0.019122,-0.019398,-0.025890,-0.026181
1.074994,-0.630315,-0.630506,-0.018027,-0.018085,-0.026505,-0.026921
1.079994,-0.616971,-0.619882,-0.016948,-0.017225,-0.027090,-0.027388
1.084995,-0.595109,-0.593697,-0.015828,-0.015882,-0.027679,-0.028098
1.089995,-0.563948,-0.568816,-0.014630,-0.014926,-0.028288,-0.028586
1.094995,-0.523010,-0.519751,-0.013330,-0.013369,-0.028917,-0.029340
1.099995,-0.472094,-0.479054,-0.011913,-0.012237,-0.029551,-0.029849
1.104996,-0.411581,-0.406511,-0.010346,-0.010357,-0.030175,-0.030600
1.109996,-0.342557,-0.351289,-0.008554,-0.008927,-0.030775,-0.031082
1.114996,-0.267038,-0.260744,-0.006409,-0.006353,-0.031332,-0.031754
1.119996,-0.187744,-0.197285,-0.003829,-0.004289,-0.031801,-0.032133
1.124997,-0.107305,-0.100812,-0.000827,-0.000690,-0.032105,-0.032503
1.129997,-0.027900,-0.037267,0.002549,0.002013,-0.032180,-0.032569
1.134997,0.048670,0.054593,0.006220,0.006416,-0.031982,-0.032337
1.139997,0.120989,0.112471,0.010086,0.009511,-0.031486,-0.031945
1.144997,0.188044,0.192947,0.014109,0.014339,-0.030685,-0.030992
1.149998,0.249283,0.241961,0.018217,0.017630,-0.029592,-0.030122
1.154998,0.304469,0.308213,0.022326,0.022563,-0.028241,-0.028509
1.159998,0.353534,0.347485,0.026352,0.025788,-0.026685,-0.027268
1.164998,0.396496,0.399071,0.030226,0.030441,-0.024981,-0.025231
1.169999,0.433563,0.428738,0.033878,0.033367,-0.023198,-0.023808
1.174999,0.465024,0.466522,0.037244,0.037411,-0.021408,-0.021667
1.179999,0.491284,0.487537,0.040303,0.039863,-0.019668,-0.020277
1.184999,0.512782,0.513365,0.042980,0.043079,-0.018057,-0.018350
1.190000,0.530111,0.527227,0.045200,0.044860,-0.016651,-0.017226
1.195000,0.544013,0.543939,0.046866,0.046860,-0.015535,-0.015892
1.200000,0.555322,0.552985,0.047846,0.047647,-0.014807,-0.015310
1.205000,0.564888,0.564492,0.048121,0.047982,-0.014500,-0.014941
1.210001,0.573443,0.571339,0.047766,0.047698,-0.014585,-0.015009
1.215001,0.581502,0.581031,0.046852,0.046604,-0.015033,-0.015545
1.220001,0.589410,0.587362,0.045421,0.045458,-0.015824,-0.016178
1.225001,0.597448,0.597028,0.043595,0.043272,-0.016883,-0.017444
1.230001,0.605815,0.603730,0.041521,0.041609,-0.018117,-0.018432
1.235002,0.614594,0.614280,0.039361,0.039019,-0.019428,-0.020000
1.240002,0.623755,0.621622,0.037235,0.037317,-0.020734,-0.021044
1.245002,0.633170,0.632933,0.035266,0.034955,-0.021944,-0.022493
1.250002,0.642671,0.640548,0.033530,0.033568,-0.022996,-0.023332
1.255003,0.652052,0.651820,0.032000,0.031731,-0.023907,-0.024423
1.260003,0.661135,0.659102,0.030630,0.030637,-0.024702,-0.025057
1.265003,0.669746,0.669453,0.029401,0.029162,-0.025390,-0.025881
1.270003,0.677828,0.675930,0.028328,0.028306,-0.025949,-0.026326
1.275004,0.685363,0.684991,0.027396,0.027190,-0.026384,-0.026848
1.280004,0.692378,0.690617,0.026569,0.026529,-0.026723,-0.027117
1.285004,0.698917,0.698481,0.025795,0.025601,-0.027009,-0.027460
1.290004,0.704854,0.703247,0.025013,0.024975,-0.027295,-0.027689
1.295004,0.710122,0.709591,0.024235,0.024043,-0.027565,-0.028011
1.300005,0.714769,0.713322,0.023512,0.023465,-0.027772,-0.028177
1.305005,0.718886,0.718289,0.022854,0.022678,-0.027912,-0.028343
1.310005,0.722495,0.721193,0.022250,0.022198,-0.028000,-0.028412
1.315005,0.725653,0.725012,0.021624,0.021446,-0.028105,-0.028538
1.320006,0.728478,0.727289,0.020911,0.020877,-0.028281,-0.028677
1.325006,0.731043,0.730395,0.020092,0.019897,-0.028547,-0.028994
1.330006,0.733141,0.732100,0.019212,0.019193,-0.028865,-0.029249
1.335006,0.734346,0.733570,0.018322,0.018124,-0.029188,-0.029637
1.340007,0.734137,0.733433,0.017409,0.017393,-0.029525,-0.029907
1.345007,0.732033,0.730935,0.016494,0.016297,-0.029853,-0.030298
1.350007,0.727559,0.727383,0.015617,0.015596,-0.030130,-0.030518
1.355007,0.720323,0.718731,0.014765,0.014573,-0.030374,-0.030812
1.360008,0.710071,0.710553,0.013870,0.013858,-0.030646,-0.031029
1.365008,0.696734,0.694586,0.012901,0.012697,-0.030962,-0.031406
1.370008,0.680478,0.681599,0.011877,0.011876,-0.031295,-0.031673
1.375008,0.661615,0.659004,0.010873,0.010672,-0.031587,-0.032023
1.380008,0.640515,0.642139,0.009902,0.009895,-0.031823,-0.032211
1.385009,0.617555,0.614628,0.008927,0.008725,-0.032025,-0.032453
1.390009,0.593148,0.595116,0.007917,0.007915,-0.032209,-0.032601
1.395009,0.567750,0.564676,0.006888,0.006679,-0.032367,-0.032791
1.400009,0.541776,0.543911,0.005792,0.005803,-0.032529,-0.032920
1.405010,0.515588,0.512519,0.004655,0.004439,-0.032674,-0.033094
1.410010,0.489436,0.491613,0.003503,0.003517,-0.032785,-0.033182
1.415010,0.463571,0.460606,0.002382,0.002171,-0.032830,-0.033237
1.420010,0.438157,0.440294,0.001258,0.001272,-0.032829,-0.033236
1.425011,0.413222,0.410399,0.000126,-0.000087,-0.032790,-0.033188
1.430011,0.388760,0.390846,-0.000986,-0.000976,-0.032704,-0.033119
1.435011,0.364758,0.362065,-0.002076,-0.002285,-0.032578,-0.032968
1.440011,0.341162,0.343205,-0.003178,-0.003164,-0.032432,-0.032850
1.445011,0.317902,0.315313,-0.004365,-0.004588,-0.032292,-0.032681
1.450012,0.294945,0.296960,-0.005640,-0.005609,-0.032157,-0.032573
1.455012,0.272240,0.269734,-0.006940,-0.007169,-0.032007,-0.032392
1.460012,0.249747,0.251750,-0.008212,-0.008188,-0.031824,-0.032246
1.465012,0.227462,0.225022,-0.009409,-0.009623,-0.031595,-0.031971
1.470013,0.205414,0.207393,-0.010489,-0.010488,-0.031311,-0.031743
1.475013,0.183612,0.181243,-0.011430,-0.011618,-0.030976,-0.031341
1.480013,0.162025,0.163980,-0.012249,-0.012273,-0.030603,-0.031042
1.485013,0.140685,0.138383,-0.012977,-0.013147,-0.030202,-0.030561
1.490014,0.119623,0.121535,-0.013618,-0.013662,-0.029778,-0.030222
1.495014,0.098981,0.096772,-0.014105,-0.014247,-0.029323,-0.029676
1.500014,0.078835,0.080659,-0.014415,-0.014496,-0.028843,-0.029292
1.505014,0.059242,0.057153,-0.014534,-0.014641,-0.028345,-0.028694
1.510015,0.040223,0.041939,-0.014493,-0.014608,-0.027832,-0.028284
1.515015,0.021810,0.019846,-0.014380,-0.014474,-0.027313,-0.027661
1.520015,0.003989,0.005590,-0.014252,-0.014370,-0.026792,-0.027244
1.525015,-0.013181,-0.015016,-0.014150,-0.014250,-0.026274,-0.026623
1.530015,-0.029739,-0.028262,-0.014133,-0.014239,-0.025758,-0.026210
1.535016,-0.045747,-0.047473,-0.014231,-0.014357,-0.025242,-0.025590
1.540016,-0.061210,-0.059847,-0.014391,-0.014487,-0.024728,-0.025179
1.545016,-0.076073,-0.077688,-0.014556,-0.014686,-0.024220,-0.024570
1.550016,-0.090286,-0.089061,-0.014734,-0.014830,-0.023717,-0.024167
1.555017,-0.103765,-0.105243,-0.014921,-0.015054,-0.023215,-0.023565
1.560017,-0.116480,-0.115419,-0.015088,-0.015187,-0.022718,-0.023167
1.565017,-0.128441,-0.129778,-0.015261,-0.015396,-0.022231,-0.022583
1.570017,-0.139589,-0.138702,-0.015448,-0.015546,-0.021758,-0.022204
1.575018,-0.149898,-0.151081,-0.015608,-0.015737,-0.021308,-0.021664
1.580018,-0.159385,-0.158677,-0.015728,-0.015832,-0.020882,-0.021324
1.585018,-0.168116,-0.169168,-0.015833,-0.015959,-0.020474,-0.020834
1.590018,-0.176199,-0.175641,-0.015924,-0.016033,-0.020081,-0.020520
1.595019,-0.183689,-0.184641,-0.016035,-0.016165,-0.019693,-0.020055
1.600019,-0.190602,-0.190181,-0.016113,-0.016226,-0.019318,-0.019755
1.605019,-0.196892,-0.197744,-0.016160,-0.016281,-0.018954,-0.019318
1.610019,-0.202582,-0.202307,-0.016104,-0.016236,-0.018613,-0.019045
1.615019,-0.207676,-0.208434,-0.015941,-0.016041,-0.018294,-0.018663
1.620020,-0.212223,-0.212082,-0.015691,-0.015841,-0.017994,-0.018423
1.625020,-0.216198,-0.216867,-0.015384,-0.015471,-0.017705,-0.018077
1.630020,-0.219571,-0.219574,-0.014961,-0.015135,-0.017442,-0.017867
1.635020,-0.222431,-0.223023,-0.014366,-0.014422,-0.017220,-0.017601
